CRITICAL - 2023-11-13 07:35:28 --> Undefined index: ressource
in APPPATH/Views/affichage_scenarii.php on line 8.
 1 APPPATH/Views/affichage_scenarii.php(8): CodeIgniter\Debug\Exceptions->errorHandler()
 2 SYSTEMPATH/View/View.php(228): include('/home/2023DIFAL3/e22000229/public_html/v1/ci/app/Views/affichage_scenarii.php')
 3 SYSTEMPATH/View/View.php(231): CodeIgniter\View\View->CodeIgniter\View\{closure}()
 4 SYSTEMPATH/Common.php(1190): CodeIgniter\View\View->render()
 5 APPPATH/Controllers/Scenario.php(14): view()
 6 SYSTEMPATH/CodeIgniter.php(942): App\Controllers\Scenario->afficher_scenarii()
 7 SYSTEMPATH/CodeIgniter.php(502): CodeIgniter\CodeIgniter->runController()
 8 SYSTEMPATH/CodeIgniter.php(361): CodeIgniter\CodeIgniter->handleRequest()
 9 FCPATH/index.php(79): CodeIgniter\CodeIgniter->run()
CRITICAL - 2023-11-13 07:35:28 --> Uncaught ErrorException: chmod() has been disabled for security reasons in /home/2023DIFAL3/e22000229/public_html/v1/ci/system/Log/Handlers/FileHandler.php:119
Stack trace:
#0 [internal function]: CodeIgniter\Debug\Exceptions->errorHandler()
#1 /home/2023DIFAL3/e22000229/public_html/v1/ci/system/Log/Handlers/FileHandler.php(119): chmod()
#2 /home/2023DIFAL3/e22000229/public_html/v1/ci/system/Log/Logger.php(294): CodeIgniter\Log\Handlers\FileHandler->handle()
#3 /home/2023DIFAL3/e22000229/public_html/v1/ci/system/Common.php(810): CodeIgniter\Log\Logger->log()
#4 /home/2023DIFAL3/e22000229/public_html/v1/ci/system/Debug/Exceptions.php(133): log_message()
#5 [internal function]: CodeIgniter\Debug\Exceptions->exceptionHandler()
#6 {main}
  thrown
ã€Previous Exceptionã€‘
ErrorException
Undefined index: ressource
#0 /home/2023DIFAL3/e22000229/public_html/v1/ci/app/Views/affichage_scenarii.php(8): CodeIgniter\Debug\Exceptions->errorHandler()
#1 /home/2023DIFAL3/e22000229/public_html/v1/ci/system/View/View.php(228): include('/home/2023DIFAL...')
#2 /home/2023DIFAL3/e22000229/public_html/v1/ci/system/View/View.php(231): CodeIgniter\View\View->CodeIgniter\View\{closure}()
#3 /home/2023DIFAL3/e22000229/public_html/v1/ci/system/Common.php(1190): CodeIgniter\View\View->render()
#4 /home/2023DIFAL3/e22000229/public_html/v1/ci/app/Controllers/Scenario.php(14): view()
#5 /home/2023DIFAL3/e22000229/public_html/v1/ci/system/CodeIgniter.php(942): App\Controllers\Scenario->afficher_scenarii()
#6 /home/2023DIFAL3/e22000229/public_html/v1/ci/system/CodeIgniter.php(502): CodeIgniter\CodeIgniter->runController()
#7 /home/2023DIFAL3/e22000229/public_html/v1/ci/system/CodeIgniter.php(361): CodeIgniter\CodeIgniter->handleRequest()
#8 /home/2023DIFAL3/e22000229/public_html/v1/ci/public/index.php(79): CodeIgniter\CodeIgniter->run()
#9 {main}
in SYSTEMPATH/Log/Handlers/FileHandler.php on line 119.
 1 [internal function]: CodeIgniter\Debug\Exceptions->shutdownHandler()
CRITICAL - 2023-11-13 07:35:30 --> Undefined index: ressource
in APPPATH/Views/affichage_scenarii.php on line 8.
 1 APPPATH/Views/affichage_scenarii.php(8): CodeIgniter\Debug\Exceptions->errorHandler()
 2 SYSTEMPATH/View/View.php(228): include('/home/2023DIFAL3/e22000229/public_html/v1/ci/app/Views/affichage_scenarii.php')
 3 SYSTEMPATH/View/View.php(231): CodeIgniter\View\View->CodeIgniter\View\{closure}()
 4 SYSTEMPATH/Common.php(1190): CodeIgniter\View\View->render()
 5 APPPATH/Controllers/Scenario.php(14): view()
 6 SYSTEMPATH/CodeIgniter.php(942): App\Controllers\Scenario->afficher_scenarii()
 7 SYSTEMPATH/CodeIgniter.php(502): CodeIgniter\CodeIgniter->runController()
 8 SYSTEMPATH/CodeIgniter.php(361): CodeIgniter\CodeIgniter->handleRequest()
 9 FCPATH/index.php(79): CodeIgniter\CodeIgniter->run()
CRITICAL - 2023-11-13 10:16:59 --> Call to undefined method CodeIgniter\Database\MySQLi\Result::getArray()
in APPPATH/Models/Db_model.php on line 68.
 1 APPPATH/Controllers/Scenario.php(20): App\Models\Db_model->get_first_step()
 2 SYSTEMPATH/CodeIgniter.php(942): App\Controllers\Scenario->premiere_etape()
 3 SYSTEMPATH/CodeIgniter.php(502): CodeIgniter\CodeIgniter->runController()
 4 SYSTEMPATH/CodeIgniter.php(361): CodeIgniter\CodeIgniter->handleRequest()
 5 FCPATH/index.php(79): CodeIgniter\CodeIgniter->run()
ERROR - 2023-11-13 10:49:20 --> mysqli_sql_exception: You have an error in your SQL syntax; check the manual that corresponds to your MariaDB server version for the right syntax to use near '-10' at line 1 in /home/2023DIFAL3/e22000229/public_html/v1/ci/system/Database/MySQLi/Connection.php:306
Stack trace:
#0 /home/2023DIFAL3/e22000229/public_html/v1/ci/system/Database/MySQLi/Connection.php(306): mysqli->query()
#1 /home/2023DIFAL3/e22000229/public_html/v1/ci/system/Database/BaseConnection.php(693): CodeIgniter\Database\MySQLi\Connection->execute()
#2 /home/2023DIFAL3/e22000229/public_html/v1/ci/system/Database/BaseConnection.php(607): CodeIgniter\Database\BaseConnection->simpleQuery()
#3 /home/2023DIFAL3/e22000229/public_html/v1/ci/app/Models/Db_model.php(22): CodeIgniter\Database\BaseConnection->query()
#4 /home/2023DIFAL3/e22000229/public_html/v1/ci/app/Controllers/Actualites.php(18): App\Models\Db_model->get_actualites_publiee()
#5 /home/2023DIFAL3/e22000229/public_html/v1/ci/system/CodeIgniter.php(942): App\Controllers\Actualites->listing()
#6 /home/2023DIFAL3/e22000229/public_html/v1/ci/system/CodeIgniter.php(502): CodeIgniter\CodeIgniter->runController()
#7 /home/2023DIFAL3/e22000229/public_html/v1/ci/system/CodeIgniter.php(361): CodeIgniter\CodeIgniter->handleRequest()
#8 /home/2023DIFAL3/e22000229/public_html/v1/ci/public/index.php(79): CodeIgniter\CodeIgniter->run()
#9 {main}
CRITICAL - 2023-11-13 10:49:20 --> You have an error in your SQL syntax; check the manual that corresponds to your MariaDB server version for the right syntax to use near '-10' at line 1
in SYSTEMPATH/Database/BaseConnection.php on line 647.
 1 APPPATH/Models/Db_model.php(22): CodeIgniter\Database\BaseConnection->query()
 2 APPPATH/Controllers/Actualites.php(18): App\Models\Db_model->get_actualites_publiee()
 3 SYSTEMPATH/CodeIgniter.php(942): App\Controllers\Actualites->listing()
 4 SYSTEMPATH/CodeIgniter.php(502): CodeIgniter\CodeIgniter->runController()
 5 SYSTEMPATH/CodeIgniter.php(361): CodeIgniter\CodeIgniter->handleRequest()
 6 FCPATH/index.php(79): CodeIgniter\CodeIgniter->run()
CRITICAL - 2023-11-13 10:52:06 --> Class 'PageNotFoundException' not found
in APPPATH/Config/Routes.php on line 25.
 1 SYSTEMPATH/CodeIgniter.php(962): CodeIgniter\Router\RouteCollection->{closure}()
 2 SYSTEMPATH/CodeIgniter.php(370): CodeIgniter\CodeIgniter->display404errors()
 3 FCPATH/index.php(79): CodeIgniter\CodeIgniter->run()
ERROR - 2023-11-13 11:14:06 --> mysqli_sql_exception: You have an error in your SQL syntax; check the manual that corresponds to your MariaDB server version for the right syntax to use near '; SELECT * FROM T_COMPTE_CPT;') AND eta_statut = 'P'' at line 1 in /home/2023DIFAL3/e22000229/public_html/v1/ci/system/Database/MySQLi/Connection.php:306
Stack trace:
#0 /home/2023DIFAL3/e22000229/public_html/v1/ci/system/Database/MySQLi/Connection.php(306): mysqli->query()
#1 /home/2023DIFAL3/e22000229/public_html/v1/ci/system/Database/BaseConnection.php(693): CodeIgniter\Database\MySQLi\Connection->execute()
#2 /home/2023DIFAL3/e22000229/public_html/v1/ci/system/Database/BaseConnection.php(607): CodeIgniter\Database\BaseConnection->simpleQuery()
#3 /home/2023DIFAL3/e22000229/public_html/v1/ci/app/Models/Db_model.php(68): CodeIgniter\Database\BaseConnection->query()
#4 /home/2023DIFAL3/e22000229/public_html/v1/ci/app/Controllers/Scenario.php(22): App\Models\Db_model->get_first_step()
#5 /home/2023DIFAL3/e22000229/public_html/v1/ci/system/CodeIgniter.php(942): App\Controllers\Scenario->premiere_etape()
#6 /home/2023DIFAL3/e22000229/public_html/v1/ci/system/CodeIgniter.php(502): CodeIgniter\CodeIgniter->runController()
#7 /home/2023DIFAL3/e22000229/public_html/v1/ci/system/CodeIgniter.php(361): CodeIgniter\CodeIgniter->handleRequest()
#8 /home/2023DIFAL3/e22000229/public_html/v1/ci/public/index.php(79): CodeIgniter\CodeIgniter->run()
#9 {main}
CRITICAL - 2023-11-13 11:14:06 --> You have an error in your SQL syntax; check the manual that corresponds to your MariaDB server version for the right syntax to use near '; SELECT * FROM T_COMPTE_CPT;') AND eta_statut = 'P'' at line 1
in SYSTEMPATH/Database/BaseConnection.php on line 647.
 1 APPPATH/Models/Db_model.php(68): CodeIgniter\Database\BaseConnection->query()
 2 APPPATH/Controllers/Scenario.php(22): App\Models\Db_model->get_first_step()
 3 SYSTEMPATH/CodeIgniter.php(942): App\Controllers\Scenario->premiere_etape()
 4 SYSTEMPATH/CodeIgniter.php(502): CodeIgniter\CodeIgniter->runController()
 5 SYSTEMPATH/CodeIgniter.php(361): CodeIgniter\CodeIgniter->handleRequest()
 6 FCPATH/index.php(79): CodeIgniter\CodeIgniter->run()
ERROR - 2023-11-13 11:15:33 --> mysqli_sql_exception: You have an error in your SQL syntax; check the manual that corresponds to your MariaDB server version for the right syntax to use near '; SELECT * FROM T_COMPTE_CPT;') AND eta_statut = 'P'' at line 1 in /home/2023DIFAL3/e22000229/public_html/v1/ci/system/Database/MySQLi/Connection.php:306
Stack trace:
#0 /home/2023DIFAL3/e22000229/public_html/v1/ci/system/Database/MySQLi/Connection.php(306): mysqli->query()
#1 /home/2023DIFAL3/e22000229/public_html/v1/ci/system/Database/BaseConnection.php(693): CodeIgniter\Database\MySQLi\Connection->execute()
#2 /home/2023DIFAL3/e22000229/public_html/v1/ci/system/Database/BaseConnection.php(607): CodeIgniter\Database\BaseConnection->simpleQuery()
#3 /home/2023DIFAL3/e22000229/public_html/v1/ci/app/Models/Db_model.php(68): CodeIgniter\Database\BaseConnection->query()
#4 /home/2023DIFAL3/e22000229/public_html/v1/ci/app/Controllers/Scenario.php(22): App\Models\Db_model->get_first_step()
#5 /home/2023DIFAL3/e22000229/public_html/v1/ci/system/CodeIgniter.php(942): App\Controllers\Scenario->premiere_etape()
#6 /home/2023DIFAL3/e22000229/public_html/v1/ci/system/CodeIgniter.php(502): CodeIgniter\CodeIgniter->runController()
#7 /home/2023DIFAL3/e22000229/public_html/v1/ci/system/CodeIgniter.php(361): CodeIgniter\CodeIgniter->handleRequest()
#8 /home/2023DIFAL3/e22000229/public_html/v1/ci/public/index.php(79): CodeIgniter\CodeIgniter->run()
#9 {main}
CRITICAL - 2023-11-13 11:15:33 --> You have an error in your SQL syntax; check the manual that corresponds to your MariaDB server version for the right syntax to use near '; SELECT * FROM T_COMPTE_CPT;') AND eta_statut = 'P'' at line 1
in SYSTEMPATH/Database/BaseConnection.php on line 647.
 1 APPPATH/Models/Db_model.php(68): CodeIgniter\Database\BaseConnection->query()
 2 APPPATH/Controllers/Scenario.php(22): App\Models\Db_model->get_first_step()
 3 SYSTEMPATH/CodeIgniter.php(942): App\Controllers\Scenario->premiere_etape()
 4 SYSTEMPATH/CodeIgniter.php(502): CodeIgniter\CodeIgniter->runController()
 5 SYSTEMPATH/CodeIgniter.php(361): CodeIgniter\CodeIgniter->handleRequest()
 6 FCPATH/index.php(79): CodeIgniter\CodeIgniter->run()
ERROR - 2023-11-13 11:16:18 --> mysqli_sql_exception: You have an error in your SQL syntax; check the manual that corresponds to your MariaDB server version for the right syntax to use near '; SELECT * FROM T_COMPTE_CPT;') AND eta_statut = 'P'' at line 1 in /home/2023DIFAL3/e22000229/public_html/v1/ci/system/Database/MySQLi/Connection.php:306
Stack trace:
#0 /home/2023DIFAL3/e22000229/public_html/v1/ci/system/Database/MySQLi/Connection.php(306): mysqli->query()
#1 /home/2023DIFAL3/e22000229/public_html/v1/ci/system/Database/BaseConnection.php(693): CodeIgniter\Database\MySQLi\Connection->execute()
#2 /home/2023DIFAL3/e22000229/public_html/v1/ci/system/Database/BaseConnection.php(607): CodeIgniter\Database\BaseConnection->simpleQuery()
#3 /home/2023DIFAL3/e22000229/public_html/v1/ci/app/Models/Db_model.php(68): CodeIgniter\Database\BaseConnection->query()
#4 /home/2023DIFAL3/e22000229/public_html/v1/ci/app/Controllers/Scenario.php(22): App\Models\Db_model->get_first_step()
#5 /home/2023DIFAL3/e22000229/public_html/v1/ci/system/CodeIgniter.php(942): App\Controllers\Scenario->premiere_etape()
#6 /home/2023DIFAL3/e22000229/public_html/v1/ci/system/CodeIgniter.php(502): CodeIgniter\CodeIgniter->runController()
#7 /home/2023DIFAL3/e22000229/public_html/v1/ci/system/CodeIgniter.php(361): CodeIgniter\CodeIgniter->handleRequest()
#8 /home/2023DIFAL3/e22000229/public_html/v1/ci/public/index.php(79): CodeIgniter\CodeIgniter->run()
#9 {main}
CRITICAL - 2023-11-13 11:16:18 --> You have an error in your SQL syntax; check the manual that corresponds to your MariaDB server version for the right syntax to use near '; SELECT * FROM T_COMPTE_CPT;') AND eta_statut = 'P'' at line 1
in SYSTEMPATH/Database/BaseConnection.php on line 647.
 1 APPPATH/Models/Db_model.php(68): CodeIgniter\Database\BaseConnection->query()
 2 APPPATH/Controllers/Scenario.php(22): App\Models\Db_model->get_first_step()
 3 SYSTEMPATH/CodeIgniter.php(942): App\Controllers\Scenario->premiere_etape()
 4 SYSTEMPATH/CodeIgniter.php(502): CodeIgniter\CodeIgniter->runController()
 5 SYSTEMPATH/CodeIgniter.php(361): CodeIgniter\CodeIgniter->handleRequest()
 6 FCPATH/index.php(79): CodeIgniter\CodeIgniter->run()
ERROR - 2023-11-13 11:16:19 --> mysqli_sql_exception: You have an error in your SQL syntax; check the manual that corresponds to your MariaDB server version for the right syntax to use near '; SELECT * FROM T_COMPTE_CPT;') AND eta_statut = 'P'' at line 1 in /home/2023DIFAL3/e22000229/public_html/v1/ci/system/Database/MySQLi/Connection.php:306
Stack trace:
#0 /home/2023DIFAL3/e22000229/public_html/v1/ci/system/Database/MySQLi/Connection.php(306): mysqli->query()
#1 /home/2023DIFAL3/e22000229/public_html/v1/ci/system/Database/BaseConnection.php(693): CodeIgniter\Database\MySQLi\Connection->execute()
#2 /home/2023DIFAL3/e22000229/public_html/v1/ci/system/Database/BaseConnection.php(607): CodeIgniter\Database\BaseConnection->simpleQuery()
#3 /home/2023DIFAL3/e22000229/public_html/v1/ci/app/Models/Db_model.php(68): CodeIgniter\Database\BaseConnection->query()
#4 /home/2023DIFAL3/e22000229/public_html/v1/ci/app/Controllers/Scenario.php(22): App\Models\Db_model->get_first_step()
#5 /home/2023DIFAL3/e22000229/public_html/v1/ci/system/CodeIgniter.php(942): App\Controllers\Scenario->premiere_etape()
#6 /home/2023DIFAL3/e22000229/public_html/v1/ci/system/CodeIgniter.php(502): CodeIgniter\CodeIgniter->runController()
#7 /home/2023DIFAL3/e22000229/public_html/v1/ci/system/CodeIgniter.php(361): CodeIgniter\CodeIgniter->handleRequest()
#8 /home/2023DIFAL3/e22000229/public_html/v1/ci/public/index.php(79): CodeIgniter\CodeIgniter->run()
#9 {main}
CRITICAL - 2023-11-13 11:16:19 --> You have an error in your SQL syntax; check the manual that corresponds to your MariaDB server version for the right syntax to use near '; SELECT * FROM T_COMPTE_CPT;') AND eta_statut = 'P'' at line 1
in SYSTEMPATH/Database/BaseConnection.php on line 647.
 1 APPPATH/Models/Db_model.php(68): CodeIgniter\Database\BaseConnection->query()
 2 APPPATH/Controllers/Scenario.php(22): App\Models\Db_model->get_first_step()
 3 SYSTEMPATH/CodeIgniter.php(942): App\Controllers\Scenario->premiere_etape()
 4 SYSTEMPATH/CodeIgniter.php(502): CodeIgniter\CodeIgniter->runController()
 5 SYSTEMPATH/CodeIgniter.php(361): CodeIgniter\CodeIgniter->handleRequest()
 6 FCPATH/index.php(79): CodeIgniter\CodeIgniter->run()
ERROR - 2023-11-13 11:18:59 --> mysqli_sql_exception: You have an error in your SQL syntax; check the manual that corresponds to your MariaDB server version for the right syntax to use near '; SELECT * FROM T_COMPTE_CPT;') AND eta_statut = 'P'' at line 1 in /home/2023DIFAL3/e22000229/public_html/v1/ci/system/Database/MySQLi/Connection.php:306
Stack trace:
#0 /home/2023DIFAL3/e22000229/public_html/v1/ci/system/Database/MySQLi/Connection.php(306): mysqli->query()
#1 /home/2023DIFAL3/e22000229/public_html/v1/ci/system/Database/BaseConnection.php(693): CodeIgniter\Database\MySQLi\Connection->execute()
#2 /home/2023DIFAL3/e22000229/public_html/v1/ci/system/Database/BaseConnection.php(607): CodeIgniter\Database\BaseConnection->simpleQuery()
#3 /home/2023DIFAL3/e22000229/public_html/v1/ci/app/Models/Db_model.php(68): CodeIgniter\Database\BaseConnection->query()
#4 /home/2023DIFAL3/e22000229/public_html/v1/ci/app/Controllers/Scenario.php(23): App\Models\Db_model->get_first_step()
#5 /home/2023DIFAL3/e22000229/public_html/v1/ci/system/CodeIgniter.php(942): App\Controllers\Scenario->premiere_etape()
#6 /home/2023DIFAL3/e22000229/public_html/v1/ci/system/CodeIgniter.php(502): CodeIgniter\CodeIgniter->runController()
#7 /home/2023DIFAL3/e22000229/public_html/v1/ci/system/CodeIgniter.php(361): CodeIgniter\CodeIgniter->handleRequest()
#8 /home/2023DIFAL3/e22000229/public_html/v1/ci/public/index.php(79): CodeIgniter\CodeIgniter->run()
#9 {main}
CRITICAL - 2023-11-13 11:18:59 --> You have an error in your SQL syntax; check the manual that corresponds to your MariaDB server version for the right syntax to use near '; SELECT * FROM T_COMPTE_CPT;') AND eta_statut = 'P'' at line 1
in SYSTEMPATH/Database/BaseConnection.php on line 647.
 1 APPPATH/Models/Db_model.php(68): CodeIgniter\Database\BaseConnection->query()
 2 APPPATH/Controllers/Scenario.php(23): App\Models\Db_model->get_first_step()
 3 SYSTEMPATH/CodeIgniter.php(942): App\Controllers\Scenario->premiere_etape()
 4 SYSTEMPATH/CodeIgniter.php(502): CodeIgniter\CodeIgniter->runController()
 5 SYSTEMPATH/CodeIgniter.php(361): CodeIgniter\CodeIgniter->handleRequest()
 6 FCPATH/index.php(79): CodeIgniter\CodeIgniter->run()
ERROR - 2023-11-13 11:19:01 --> mysqli_sql_exception: You have an error in your SQL syntax; check the manual that corresponds to your MariaDB server version for the right syntax to use near '; SELECT * FROM T_COMPTE_CPT;') AND eta_statut = 'P'' at line 1 in /home/2023DIFAL3/e22000229/public_html/v1/ci/system/Database/MySQLi/Connection.php:306
Stack trace:
#0 /home/2023DIFAL3/e22000229/public_html/v1/ci/system/Database/MySQLi/Connection.php(306): mysqli->query()
#1 /home/2023DIFAL3/e22000229/public_html/v1/ci/system/Database/BaseConnection.php(693): CodeIgniter\Database\MySQLi\Connection->execute()
#2 /home/2023DIFAL3/e22000229/public_html/v1/ci/system/Database/BaseConnection.php(607): CodeIgniter\Database\BaseConnection->simpleQuery()
#3 /home/2023DIFAL3/e22000229/public_html/v1/ci/app/Models/Db_model.php(68): CodeIgniter\Database\BaseConnection->query()
#4 /home/2023DIFAL3/e22000229/public_html/v1/ci/app/Controllers/Scenario.php(23): App\Models\Db_model->get_first_step()
#5 /home/2023DIFAL3/e22000229/public_html/v1/ci/system/CodeIgniter.php(942): App\Controllers\Scenario->premiere_etape()
#6 /home/2023DIFAL3/e22000229/public_html/v1/ci/system/CodeIgniter.php(502): CodeIgniter\CodeIgniter->runController()
#7 /home/2023DIFAL3/e22000229/public_html/v1/ci/system/CodeIgniter.php(361): CodeIgniter\CodeIgniter->handleRequest()
#8 /home/2023DIFAL3/e22000229/public_html/v1/ci/public/index.php(79): CodeIgniter\CodeIgniter->run()
#9 {main}
CRITICAL - 2023-11-13 11:19:01 --> You have an error in your SQL syntax; check the manual that corresponds to your MariaDB server version for the right syntax to use near '; SELECT * FROM T_COMPTE_CPT;') AND eta_statut = 'P'' at line 1
in SYSTEMPATH/Database/BaseConnection.php on line 647.
 1 APPPATH/Models/Db_model.php(68): CodeIgniter\Database\BaseConnection->query()
 2 APPPATH/Controllers/Scenario.php(23): App\Models\Db_model->get_first_step()
 3 SYSTEMPATH/CodeIgniter.php(942): App\Controllers\Scenario->premiere_etape()
 4 SYSTEMPATH/CodeIgniter.php(502): CodeIgniter\CodeIgniter->runController()
 5 SYSTEMPATH/CodeIgniter.php(361): CodeIgniter\CodeIgniter->handleRequest()
 6 FCPATH/index.php(79): CodeIgniter\CodeIgniter->run()
ERROR - 2023-11-13 11:19:43 --> mysqli_sql_exception: You have an error in your SQL syntax; check the manual that corresponds to your MariaDB server version for the right syntax to use near '; SELECT * FROM T_COMPTE_CPT;') AND eta_statut = 'P'' at line 1 in /home/2023DIFAL3/e22000229/public_html/v1/ci/system/Database/MySQLi/Connection.php:306
Stack trace:
#0 /home/2023DIFAL3/e22000229/public_html/v1/ci/system/Database/MySQLi/Connection.php(306): mysqli->query()
#1 /home/2023DIFAL3/e22000229/public_html/v1/ci/system/Database/BaseConnection.php(693): CodeIgniter\Database\MySQLi\Connection->execute()
#2 /home/2023DIFAL3/e22000229/public_html/v1/ci/system/Database/BaseConnection.php(607): CodeIgniter\Database\BaseConnection->simpleQuery()
#3 /home/2023DIFAL3/e22000229/public_html/v1/ci/app/Models/Db_model.php(68): CodeIgniter\Database\BaseConnection->query()
#4 /home/2023DIFAL3/e22000229/public_html/v1/ci/app/Controllers/Scenario.php(22): App\Models\Db_model->get_first_step()
#5 /home/2023DIFAL3/e22000229/public_html/v1/ci/system/CodeIgniter.php(942): App\Controllers\Scenario->premiere_etape()
#6 /home/2023DIFAL3/e22000229/public_html/v1/ci/system/CodeIgniter.php(502): CodeIgniter\CodeIgniter->runController()
#7 /home/2023DIFAL3/e22000229/public_html/v1/ci/system/CodeIgniter.php(361): CodeIgniter\CodeIgniter->handleRequest()
#8 /home/2023DIFAL3/e22000229/public_html/v1/ci/public/index.php(79): CodeIgniter\CodeIgniter->run()
#9 {main}
CRITICAL - 2023-11-13 11:19:43 --> You have an error in your SQL syntax; check the manual that corresponds to your MariaDB server version for the right syntax to use near '; SELECT * FROM T_COMPTE_CPT;') AND eta_statut = 'P'' at line 1
in SYSTEMPATH/Database/BaseConnection.php on line 647.
 1 APPPATH/Models/Db_model.php(68): CodeIgniter\Database\BaseConnection->query()
 2 APPPATH/Controllers/Scenario.php(22): App\Models\Db_model->get_first_step()
 3 SYSTEMPATH/CodeIgniter.php(942): App\Controllers\Scenario->premiere_etape()
 4 SYSTEMPATH/CodeIgniter.php(502): CodeIgniter\CodeIgniter->runController()
 5 SYSTEMPATH/CodeIgniter.php(361): CodeIgniter\CodeIgniter->handleRequest()
 6 FCPATH/index.php(79): CodeIgniter\CodeIgniter->run()
ERROR - 2023-11-13 11:19:45 --> mysqli_sql_exception: You have an error in your SQL syntax; check the manual that corresponds to your MariaDB server version for the right syntax to use near '; SELECT * FROM T_COMPTE_CPT;') AND eta_statut = 'P'' at line 1 in /home/2023DIFAL3/e22000229/public_html/v1/ci/system/Database/MySQLi/Connection.php:306
Stack trace:
#0 /home/2023DIFAL3/e22000229/public_html/v1/ci/system/Database/MySQLi/Connection.php(306): mysqli->query()
#1 /home/2023DIFAL3/e22000229/public_html/v1/ci/system/Database/BaseConnection.php(693): CodeIgniter\Database\MySQLi\Connection->execute()
#2 /home/2023DIFAL3/e22000229/public_html/v1/ci/system/Database/BaseConnection.php(607): CodeIgniter\Database\BaseConnection->simpleQuery()
#3 /home/2023DIFAL3/e22000229/public_html/v1/ci/app/Models/Db_model.php(68): CodeIgniter\Database\BaseConnection->query()
#4 /home/2023DIFAL3/e22000229/public_html/v1/ci/app/Controllers/Scenario.php(22): App\Models\Db_model->get_first_step()
#5 /home/2023DIFAL3/e22000229/public_html/v1/ci/system/CodeIgniter.php(942): App\Controllers\Scenario->premiere_etape()
#6 /home/2023DIFAL3/e22000229/public_html/v1/ci/system/CodeIgniter.php(502): CodeIgniter\CodeIgniter->runController()
#7 /home/2023DIFAL3/e22000229/public_html/v1/ci/system/CodeIgniter.php(361): CodeIgniter\CodeIgniter->handleRequest()
#8 /home/2023DIFAL3/e22000229/public_html/v1/ci/public/index.php(79): CodeIgniter\CodeIgniter->run()
#9 {main}
CRITICAL - 2023-11-13 11:19:45 --> You have an error in your SQL syntax; check the manual that corresponds to your MariaDB server version for the right syntax to use near '; SELECT * FROM T_COMPTE_CPT;') AND eta_statut = 'P'' at line 1
in SYSTEMPATH/Database/BaseConnection.php on line 647.
 1 APPPATH/Models/Db_model.php(68): CodeIgniter\Database\BaseConnection->query()
 2 APPPATH/Controllers/Scenario.php(22): App\Models\Db_model->get_first_step()
 3 SYSTEMPATH/CodeIgniter.php(942): App\Controllers\Scenario->premiere_etape()
 4 SYSTEMPATH/CodeIgniter.php(502): CodeIgniter\CodeIgniter->runController()
 5 SYSTEMPATH/CodeIgniter.php(361): CodeIgniter\CodeIgniter->handleRequest()
 6 FCPATH/index.php(79): CodeIgniter\CodeIgniter->run()
CRITICAL - 2023-11-13 11:45:47 --> syntax error, unexpected 'endif' (T_ENDIF)
in APPPATH/Views/affichage_scenarii.php on line 16.
 1 SYSTEMPATH/View/View.php(231): CodeIgniter\View\View->CodeIgniter\View\{closure}()
 2 SYSTEMPATH/Common.php(1190): CodeIgniter\View\View->render()
 3 APPPATH/Controllers/Scenario.php(15): view()
 4 SYSTEMPATH/CodeIgniter.php(942): App\Controllers\Scenario->afficher_scenarii()
 5 SYSTEMPATH/CodeIgniter.php(502): CodeIgniter\CodeIgniter->runController()
 6 SYSTEMPATH/CodeIgniter.php(361): CodeIgniter\CodeIgniter->handleRequest()
 7 FCPATH/index.php(79): CodeIgniter\CodeIgniter->run()
CRITICAL - 2023-11-13 13:27:21 --> Use of undefined constant etape - assumed 'etape' (this will throw an Error in a future version of PHP)
in APPPATH/Views/affichage_etape.php on line 6.
 1 APPPATH/Views/affichage_etape.php(6): CodeIgniter\Debug\Exceptions->errorHandler()
 2 SYSTEMPATH/View/View.php(228): include('/home/2023DIFAL3/e22000229/public_html/v1/ci/app/Views/affichage_etape.php')
 3 SYSTEMPATH/View/View.php(231): CodeIgniter\View\View->CodeIgniter\View\{closure}()
 4 SYSTEMPATH/Common.php(1190): CodeIgniter\View\View->render()
 5 APPPATH/Controllers/Scenario.php(24): view()
 6 SYSTEMPATH/CodeIgniter.php(942): App\Controllers\Scenario->premiere_etape()
 7 SYSTEMPATH/CodeIgniter.php(502): CodeIgniter\CodeIgniter->runController()
 8 SYSTEMPATH/CodeIgniter.php(361): CodeIgniter\CodeIgniter->handleRequest()
 9 FCPATH/index.php(79): CodeIgniter\CodeIgniter->run()
