CRITICAL - 2023-11-12 20:34:32 --> Use of undefined constant data - assumed 'data' (this will throw an Error in a future version of PHP)
in APPPATH/Controllers/Scenario.php on line 14.
 1 APPPATH/Controllers/Scenario.php(14): CodeIgniter\Debug\Exceptions->errorHandler()
 2 SYSTEMPATH/CodeIgniter.php(942): App\Controllers\Scenario->afficher_scenarii()
 3 SYSTEMPATH/CodeIgniter.php(502): CodeIgniter\CodeIgniter->runController()
 4 SYSTEMPATH/CodeIgniter.php(361): CodeIgniter\CodeIgniter->handleRequest()
 5 FCPATH/index.php(79): CodeIgniter\CodeIgniter->run()
CRITICAL - 2023-11-12 20:34:32 --> Uncaught ErrorException: chmod() has been disabled for security reasons in /home/2023DIFAL3/e22000229/public_html/v1/ci/system/Log/Handlers/FileHandler.php:119
Stack trace:
#0 [internal function]: CodeIgniter\Debug\Exceptions->errorHandler()
#1 /home/2023DIFAL3/e22000229/public_html/v1/ci/system/Log/Handlers/FileHandler.php(119): chmod()
#2 /home/2023DIFAL3/e22000229/public_html/v1/ci/system/Log/Logger.php(294): CodeIgniter\Log\Handlers\FileHandler->handle()
#3 /home/2023DIFAL3/e22000229/public_html/v1/ci/system/Common.php(810): CodeIgniter\Log\Logger->log()
#4 /home/2023DIFAL3/e22000229/public_html/v1/ci/system/Debug/Exceptions.php(133): log_message()
#5 [internal function]: CodeIgniter\Debug\Exceptions->exceptionHandler()
#6 {main}
  thrown
ã€Previous Exceptionã€‘
ErrorException
Use of undefined constant data - assumed 'data' (this will throw an Error in a future version of PHP)
#0 /home/2023DIFAL3/e22000229/public_html/v1/ci/app/Controllers/Scenario.php(14): CodeIgniter\Debug\Exceptions->errorHandler()
#1 /home/2023DIFAL3/e22000229/public_html/v1/ci/system/CodeIgniter.php(942): App\Controllers\Scenario->afficher_scenarii()
#2 /home/2023DIFAL3/e22000229/public_html/v1/ci/system/CodeIgniter.php(502): CodeIgniter\CodeIgniter->runController()
#3 /home/2023DIFAL3/e22000229/public_html/v1/ci/system/CodeIgniter.php(361): CodeIgniter\CodeIgniter->handleRequest()
#4 /home/2023DIFAL3/e22000229/public_html/v1/ci/public/index.php(79): CodeIgniter\CodeIgniter->run()
#5 {main}
in SYSTEMPATH/Log/Handlers/FileHandler.php on line 119.
 1 [internal function]: CodeIgniter\Debug\Exceptions->shutdownHandler()
CRITICAL - 2023-11-12 20:34:37 --> Use of undefined constant data - assumed 'data' (this will throw an Error in a future version of PHP)
in APPPATH/Controllers/Scenario.php on line 14.
 1 APPPATH/Controllers/Scenario.php(14): CodeIgniter\Debug\Exceptions->errorHandler()
 2 SYSTEMPATH/CodeIgniter.php(942): App\Controllers\Scenario->afficher_scenarii()
 3 SYSTEMPATH/CodeIgniter.php(502): CodeIgniter\CodeIgniter->runController()
 4 SYSTEMPATH/CodeIgniter.php(361): CodeIgniter\CodeIgniter->handleRequest()
 5 FCPATH/index.php(79): CodeIgniter\CodeIgniter->run()
CRITICAL - 2023-11-12 20:34:50 --> Invalid file: "affichage_scenarii.php"
in SYSTEMPATH/Exceptions/FrameworkException.php on line 39.
 1 SYSTEMPATH/View/View.php(216): CodeIgniter\Exceptions\FrameworkException::forInvalidFile()
 2 SYSTEMPATH/Common.php(1190): CodeIgniter\View\View->render()
 3 APPPATH/Controllers/Scenario.php(14): view()
 4 SYSTEMPATH/CodeIgniter.php(942): App\Controllers\Scenario->afficher_scenarii()
 5 SYSTEMPATH/CodeIgniter.php(502): CodeIgniter\CodeIgniter->runController()
 6 SYSTEMPATH/CodeIgniter.php(361): CodeIgniter\CodeIgniter->handleRequest()
 7 FCPATH/index.php(79): CodeIgniter\CodeIgniter->run()
CRITICAL - 2023-11-12 21:46:22 --> syntax error, unexpected '' (T_ENCAPSED_AND_WHITESPACE), expecting '-' or identifier (T_STRING) or variable (T_VARIABLE) or number (T_NUM_STRING)
in APPPATH/Views/affichage_scenarii.php on line 4.
 1 SYSTEMPATH/View/View.php(231): CodeIgniter\View\View->CodeIgniter\View\{closure}()
 2 SYSTEMPATH/Common.php(1190): CodeIgniter\View\View->render()
 3 APPPATH/Controllers/Scenario.php(14): view()
 4 SYSTEMPATH/CodeIgniter.php(942): App\Controllers\Scenario->afficher_scenarii()
 5 SYSTEMPATH/CodeIgniter.php(502): CodeIgniter\CodeIgniter->runController()
 6 SYSTEMPATH/CodeIgniter.php(361): CodeIgniter\CodeIgniter->handleRequest()
 7 FCPATH/index.php(79): CodeIgniter\CodeIgniter->run()
CRITICAL - 2023-11-12 23:31:53 --> Undefined property: CodeIgniter\Database\MySQLi\Result::$getResultArray
in APPPATH/Models/Db_model.php on line 74.
 1 APPPATH/Models/Db_model.php(74): CodeIgniter\Debug\Exceptions->errorHandler()
 2 APPPATH/Controllers/Scenario.php(20): App\Models\Db_model->get_first_step()
 3 SYSTEMPATH/CodeIgniter.php(942): App\Controllers\Scenario->premiere_etape()
 4 SYSTEMPATH/CodeIgniter.php(502): CodeIgniter\CodeIgniter->runController()
 5 SYSTEMPATH/CodeIgniter.php(361): CodeIgniter\CodeIgniter->handleRequest()
 6 FCPATH/index.php(79): CodeIgniter\CodeIgniter->run()
CRITICAL - 2023-11-12 23:33:03 --> Undefined offset: 0
in APPPATH/Models/Db_model.php on line 74.
 1 APPPATH/Models/Db_model.php(74): CodeIgniter\Debug\Exceptions->errorHandler()
 2 APPPATH/Controllers/Scenario.php(20): App\Models\Db_model->get_first_step()
 3 SYSTEMPATH/CodeIgniter.php(942): App\Controllers\Scenario->premiere_etape()
 4 SYSTEMPATH/CodeIgniter.php(502): CodeIgniter\CodeIgniter->runController()
 5 SYSTEMPATH/CodeIgniter.php(361): CodeIgniter\CodeIgniter->handleRequest()
 6 FCPATH/index.php(79): CodeIgniter\CodeIgniter->run()
CRITICAL - 2023-11-12 23:37:42 --> Undefined offset: 0
in APPPATH/Models/Db_model.php on line 67.
 1 APPPATH/Models/Db_model.php(67): CodeIgniter\Debug\Exceptions->errorHandler()
 2 APPPATH/Controllers/Scenario.php(20): App\Models\Db_model->get_first_step()
 3 SYSTEMPATH/CodeIgniter.php(942): App\Controllers\Scenario->premiere_etape()
 4 SYSTEMPATH/CodeIgniter.php(502): CodeIgniter\CodeIgniter->runController()
 5 SYSTEMPATH/CodeIgniter.php(361): CodeIgniter\CodeIgniter->handleRequest()
 6 FCPATH/index.php(79): CodeIgniter\CodeIgniter->run()
CRITICAL - 2023-11-12 23:39:22 --> Undefined variable: null
in APPPATH/Models/Db_model.php on line 76.
 1 APPPATH/Models/Db_model.php(76): CodeIgniter\Debug\Exceptions->errorHandler()
 2 APPPATH/Controllers/Scenario.php(20): App\Models\Db_model->get_first_step()
 3 SYSTEMPATH/CodeIgniter.php(942): App\Controllers\Scenario->premiere_etape()
 4 SYSTEMPATH/CodeIgniter.php(502): CodeIgniter\CodeIgniter->runController()
 5 SYSTEMPATH/CodeIgniter.php(361): CodeIgniter\CodeIgniter->handleRequest()
 6 FCPATH/index.php(79): CodeIgniter\CodeIgniter->run()
