ERROR - 2023-11-15 07:33:33 --> mysqli_sql_exception: Unknown column 'VASCRIPT' in 'where clause' in /home/2023DIFAL3/e22000229/public_html/v1/ci/system/Database/MySQLi/Connection.php:306
Stack trace:
#0 /home/2023DIFAL3/e22000229/public_html/v1/ci/system/Database/MySQLi/Connection.php(306): mysqli->query()
#1 /home/2023DIFAL3/e22000229/public_html/v1/ci/system/Database/BaseConnection.php(693): CodeIgniter\Database\MySQLi\Connection->execute()
#2 /home/2023DIFAL3/e22000229/public_html/v1/ci/system/Database/BaseConnection.php(607): CodeIgniter\Database\BaseConnection->simpleQuery()
#3 /home/2023DIFAL3/e22000229/public_html/v1/ci/app/Models/Db_model.php(76): CodeIgniter\Database\BaseConnection->query()
#4 /home/2023DIFAL3/e22000229/public_html/v1/ci/app/Controllers/Scenario.php(22): App\Models\Db_model->get_first_step()
#5 /home/2023DIFAL3/e22000229/public_html/v1/ci/system/CodeIgniter.php(942): App\Controllers\Scenario->premiere_etape()
#6 /home/2023DIFAL3/e22000229/public_html/v1/ci/system/CodeIgniter.php(502): CodeIgniter\CodeIgniter->runController()
#7 /home/2023DIFAL3/e22000229/public_html/v1/ci/system/CodeIgniter.php(361): CodeIgniter\CodeIgniter->handleRequest()
#8 /home/2023DIFAL3/e22000229/public_html/v1/ci/public/index.php(79): CodeIgniter\CodeIgniter->run()
#9 {main}
CRITICAL - 2023-11-15 07:33:33 --> chmod() has been disabled for security reasons
in SYSTEMPATH/Log/Handlers/FileHandler.php on line 119.
 1 [internal function]: CodeIgniter\Debug\Exceptions->errorHandler()
 2 SYSTEMPATH/Log/Handlers/FileHandler.php(119): chmod()
 3 SYSTEMPATH/Log/Logger.php(294): CodeIgniter\Log\Handlers\FileHandler->handle()
 4 SYSTEMPATH/Common.php(810): CodeIgniter\Log\Logger->log()
 5 SYSTEMPATH/Database/MySQLi/Connection.php(308): log_message()
 6 SYSTEMPATH/Database/BaseConnection.php(693): CodeIgniter\Database\MySQLi\Connection->execute()
 7 SYSTEMPATH/Database/BaseConnection.php(607): CodeIgniter\Database\BaseConnection->simpleQuery()
 8 APPPATH/Models/Db_model.php(76): CodeIgniter\Database\BaseConnection->query()
 9 APPPATH/Controllers/Scenario.php(22): App\Models\Db_model->get_first_step()
10 SYSTEMPATH/CodeIgniter.php(942): App\Controllers\Scenario->premiere_etape()
11 SYSTEMPATH/CodeIgniter.php(502): CodeIgniter\CodeIgniter->runController()
12 SYSTEMPATH/CodeIgniter.php(361): CodeIgniter\CodeIgniter->handleRequest()
13 FCPATH/index.php(79): CodeIgniter\CodeIgniter->run()
ERROR - 2023-11-15 07:33:35 --> mysqli_sql_exception: Unknown column 'VASCRIPT' in 'where clause' in /home/2023DIFAL3/e22000229/public_html/v1/ci/system/Database/MySQLi/Connection.php:306
Stack trace:
#0 /home/2023DIFAL3/e22000229/public_html/v1/ci/system/Database/MySQLi/Connection.php(306): mysqli->query()
#1 /home/2023DIFAL3/e22000229/public_html/v1/ci/system/Database/BaseConnection.php(693): CodeIgniter\Database\MySQLi\Connection->execute()
#2 /home/2023DIFAL3/e22000229/public_html/v1/ci/system/Database/BaseConnection.php(607): CodeIgniter\Database\BaseConnection->simpleQuery()
#3 /home/2023DIFAL3/e22000229/public_html/v1/ci/app/Models/Db_model.php(76): CodeIgniter\Database\BaseConnection->query()
#4 /home/2023DIFAL3/e22000229/public_html/v1/ci/app/Controllers/Scenario.php(22): App\Models\Db_model->get_first_step()
#5 /home/2023DIFAL3/e22000229/public_html/v1/ci/system/CodeIgniter.php(942): App\Controllers\Scenario->premiere_etape()
#6 /home/2023DIFAL3/e22000229/public_html/v1/ci/system/CodeIgniter.php(502): CodeIgniter\CodeIgniter->runController()
#7 /home/2023DIFAL3/e22000229/public_html/v1/ci/system/CodeIgniter.php(361): CodeIgniter\CodeIgniter->handleRequest()
#8 /home/2023DIFAL3/e22000229/public_html/v1/ci/public/index.php(79): CodeIgniter\CodeIgniter->run()
#9 {main}
CRITICAL - 2023-11-15 07:33:35 --> Unknown column 'VASCRIPT' in 'where clause'
in SYSTEMPATH/Database/BaseConnection.php on line 647.
 1 APPPATH/Models/Db_model.php(76): CodeIgniter\Database\BaseConnection->query()
 2 APPPATH/Controllers/Scenario.php(22): App\Models\Db_model->get_first_step()
 3 SYSTEMPATH/CodeIgniter.php(942): App\Controllers\Scenario->premiere_etape()
 4 SYSTEMPATH/CodeIgniter.php(502): CodeIgniter\CodeIgniter->runController()
 5 SYSTEMPATH/CodeIgniter.php(361): CodeIgniter\CodeIgniter->handleRequest()
 6 FCPATH/index.php(79): CodeIgniter\CodeIgniter->run()
CRITICAL - 2023-11-15 07:39:50 --> Undefined index: 
in APPPATH/Controllers/Scenario.php on line 22.
 1 APPPATH/Controllers/Scenario.php(22): CodeIgniter\Debug\Exceptions->errorHandler()
 2 SYSTEMPATH/CodeIgniter.php(942): App\Controllers\Scenario->premiere_etape()
 3 SYSTEMPATH/CodeIgniter.php(502): CodeIgniter\CodeIgniter->runController()
 4 SYSTEMPATH/CodeIgniter.php(361): CodeIgniter\CodeIgniter->handleRequest()
 5 FCPATH/index.php(79): CodeIgniter\CodeIgniter->run()
