CRITICAL - 2023-10-24 12:44:09 --> Too few arguments to function App\Controllers\Accueil::afficher(), 0 passed in /home/2023DIFAL3/e22000229/public_html/v1/ci/system/CodeIgniter.php on line 942 and exactly 1 expected
in APPPATH/Controllers/Accueil.php on line 10.
 1 SYSTEMPATH/CodeIgniter.php(942): App\Controllers\Accueil->afficher()
 2 SYSTEMPATH/CodeIgniter.php(502): CodeIgniter\CodeIgniter->runController()
 3 SYSTEMPATH/CodeIgniter.php(361): CodeIgniter\CodeIgniter->handleRequest()
 4 FCPATH/index.php(79): CodeIgniter\CodeIgniter->run()
CRITICAL - 2023-10-24 12:44:09 --> Uncaught ErrorException: chmod() has been disabled for security reasons in /home/2023DIFAL3/e22000229/public_html/v1/ci/system/Log/Handlers/FileHandler.php:119
Stack trace:
#0 [internal function]: CodeIgniter\Debug\Exceptions->errorHandler()
#1 /home/2023DIFAL3/e22000229/public_html/v1/ci/system/Log/Handlers/FileHandler.php(119): chmod()
#2 /home/2023DIFAL3/e22000229/public_html/v1/ci/system/Log/Logger.php(294): CodeIgniter\Log\Handlers\FileHandler->handle()
#3 /home/2023DIFAL3/e22000229/public_html/v1/ci/system/Common.php(810): CodeIgniter\Log\Logger->log()
#4 /home/2023DIFAL3/e22000229/public_html/v1/ci/system/Debug/Exceptions.php(133): log_message()
#5 [internal function]: CodeIgniter\Debug\Exceptions->exceptionHandler()
#6 {main}
  thrown
【Previous Exception】
ArgumentCountError
Too few arguments to function App\Controllers\Accueil::afficher(), 0 passed in /home/2023DIFAL3/e22000229/public_html/v1/ci/system/CodeIgniter.php on line 942 and exactly 1 expected
#0 /home/2023DIFAL3/e22000229/public_html/v1/ci/system/CodeIgniter.php(942): App\Controllers\Accueil->afficher()
#1 /home/2023DIFAL3/e22000229/public_html/v1/ci/system/CodeIgniter.php(502): CodeIgniter\CodeIgniter->runController()
#2 /home/2023DIFAL3/e22000229/public_html/v1/ci/system/CodeIgniter.php(361): CodeIgniter\CodeIgniter->handleRequest()
#3 /home/2023DIFAL3/e22000229/public_html/v1/ci/public/index.php(79): CodeIgniter\CodeIgniter->run()
#4 {main}
in SYSTEMPATH/Log/Handlers/FileHandler.php on line 119.
 1 [internal function]: CodeIgniter\Debug\Exceptions->shutdownHandler()
CRITICAL - 2023-10-24 12:44:43 --> Too few arguments to function App\Controllers\Accueil::afficher(), 0 passed in /home/2023DIFAL3/e22000229/public_html/v1/ci/system/CodeIgniter.php on line 942 and exactly 1 expected
in APPPATH/Controllers/Accueil.php on line 10.
 1 SYSTEMPATH/CodeIgniter.php(942): App\Controllers\Accueil->afficher()
 2 SYSTEMPATH/CodeIgniter.php(502): CodeIgniter\CodeIgniter->runController()
 3 SYSTEMPATH/CodeIgniter.php(361): CodeIgniter\CodeIgniter->handleRequest()
 4 FCPATH/index.php(79): CodeIgniter\CodeIgniter->run()
CRITICAL - 2023-10-24 12:45:56 --> Too few arguments to function App\Controllers\Accueil::afficher(), 0 passed in /home/2023DIFAL3/e22000229/public_html/v1/ci/system/CodeIgniter.php on line 942 and exactly 1 expected
in APPPATH/Controllers/Accueil.php on line 10.
 1 SYSTEMPATH/CodeIgniter.php(942): App\Controllers\Accueil->afficher()
 2 SYSTEMPATH/CodeIgniter.php(502): CodeIgniter\CodeIgniter->runController()
 3 SYSTEMPATH/CodeIgniter.php(361): CodeIgniter\CodeIgniter->handleRequest()
 4 FCPATH/index.php(79): CodeIgniter\CodeIgniter->run()
CRITICAL - 2023-10-24 12:48:02 --> Undefined variable: data
in APPPATH/Controllers/Accueil.php on line 11.
 1 APPPATH/Controllers/Accueil.php(11): CodeIgniter\Debug\Exceptions->errorHandler()
 2 SYSTEMPATH/CodeIgniter.php(942): App\Controllers\Accueil->afficher()
 3 SYSTEMPATH/CodeIgniter.php(502): CodeIgniter\CodeIgniter->runController()
 4 SYSTEMPATH/CodeIgniter.php(361): CodeIgniter\CodeIgniter->handleRequest()
 5 FCPATH/index.php(79): CodeIgniter\CodeIgniter->run()
CRITICAL - 2023-10-24 13:15:40 --> Class 'App\Controller\BaseController' not found
in APPPATH/Controllers/Actualites.php on line 7.
 1 SYSTEMPATH/Autoloader/Autoloader.php(312): include_once()
 2 SYSTEMPATH/Autoloader/Autoloader.php(291): CodeIgniter\Autoloader\Autoloader->includeFile()
 3 SYSTEMPATH/Autoloader/Autoloader.php(269): CodeIgniter\Autoloader\Autoloader->loadInNamespace()
 4 [internal function]: CodeIgniter\Autoloader\Autoloader->loadClass()
 5 [internal function]: spl_autoload_call()
 6 SYSTEMPATH/CodeIgniter.php(900): class_exists()
 7 SYSTEMPATH/CodeIgniter.php(489): CodeIgniter\CodeIgniter->startController()
 8 SYSTEMPATH/CodeIgniter.php(361): CodeIgniter\CodeIgniter->handleRequest()
 9 FCPATH/index.php(79): CodeIgniter\CodeIgniter->run()
CRITICAL - 2023-10-24 13:17:27 --> Undefined index: act_intitule
in APPPATH/Views/listing_actualites.php on line 10.
 1 APPPATH/Views/listing_actualites.php(10): CodeIgniter\Debug\Exceptions->errorHandler()
 2 SYSTEMPATH/View/View.php(228): include('/home/2023DIFAL3/e22000229/public_html/v1/ci/app/Views/listing_actualites.php')
 3 SYSTEMPATH/View/View.php(231): CodeIgniter\View\View->CodeIgniter\View\{closure}()
 4 SYSTEMPATH/Common.php(1190): CodeIgniter\View\View->render()
 5 APPPATH/Controllers/Actualites.php(14): view()
 6 SYSTEMPATH/CodeIgniter.php(942): App\Controllers\Actualites->listing()
 7 SYSTEMPATH/CodeIgniter.php(502): CodeIgniter\CodeIgniter->runController()
 8 SYSTEMPATH/CodeIgniter.php(361): CodeIgniter\CodeIgniter->handleRequest()
 9 FCPATH/index.php(79): CodeIgniter\CodeIgniter->run()
CRITICAL - 2023-10-24 13:21:01 --> Undefined variable: actualites
in APPPATH/Controllers/Actualites.php on line 14.
 1 APPPATH/Controllers/Actualites.php(14): CodeIgniter\Debug\Exceptions->errorHandler()
 2 SYSTEMPATH/CodeIgniter.php(942): App\Controllers\Actualites->listing()
 3 SYSTEMPATH/CodeIgniter.php(502): CodeIgniter\CodeIgniter->runController()
 4 SYSTEMPATH/CodeIgniter.php(361): CodeIgniter\CodeIgniter->handleRequest()
 5 FCPATH/index.php(79): CodeIgniter\CodeIgniter->run()
CRITICAL - 2023-10-24 13:21:23 --> Class 'App\Controllers\Date' not found
in APPPATH/Controllers/Actualites.php on line 15.
 1 SYSTEMPATH/CodeIgniter.php(942): App\Controllers\Actualites->listing()
 2 SYSTEMPATH/CodeIgniter.php(502): CodeIgniter\CodeIgniter->runController()
 3 SYSTEMPATH/CodeIgniter.php(361): CodeIgniter\CodeIgniter->handleRequest()
 4 FCPATH/index.php(79): CodeIgniter\CodeIgniter->run()
CRITICAL - 2023-10-24 13:21:33 --> Class 'App\Controllers\DateTime' not found
in APPPATH/Controllers/Actualites.php on line 15.
 1 SYSTEMPATH/CodeIgniter.php(942): App\Controllers\Actualites->listing()
 2 SYSTEMPATH/CodeIgniter.php(502): CodeIgniter\CodeIgniter->runController()
 3 SYSTEMPATH/CodeIgniter.php(361): CodeIgniter\CodeIgniter->handleRequest()
 4 FCPATH/index.php(79): CodeIgniter\CodeIgniter->run()
CRITICAL - 2023-10-24 13:21:46 --> Class 'Date' not found
in APPPATH/Controllers/Actualites.php on line 15.
 1 SYSTEMPATH/CodeIgniter.php(942): App\Controllers\Actualites->listing()
 2 SYSTEMPATH/CodeIgniter.php(502): CodeIgniter\CodeIgniter->runController()
 3 SYSTEMPATH/CodeIgniter.php(361): CodeIgniter\CodeIgniter->handleRequest()
 4 FCPATH/index.php(79): CodeIgniter\CodeIgniter->run()
CRITICAL - 2023-10-24 13:25:15 --> Illegal string offset 'act_id'
in APPPATH/Views/listing_actualites.php on line 10.
 1 APPPATH/Views/listing_actualites.php(10): CodeIgniter\Debug\Exceptions->errorHandler()
 2 SYSTEMPATH/View/View.php(228): include('/home/2023DIFAL3/e22000229/public_html/v1/ci/app/Views/listing_actualites.php')
 3 SYSTEMPATH/View/View.php(231): CodeIgniter\View\View->CodeIgniter\View\{closure}()
 4 SYSTEMPATH/Common.php(1190): CodeIgniter\View\View->render()
 5 APPPATH/Controllers/Actualites.php(18): view()
 6 SYSTEMPATH/CodeIgniter.php(942): App\Controllers\Actualites->listing()
 7 SYSTEMPATH/CodeIgniter.php(502): CodeIgniter\CodeIgniter->runController()
 8 SYSTEMPATH/CodeIgniter.php(361): CodeIgniter\CodeIgniter->handleRequest()
 9 FCPATH/index.php(79): CodeIgniter\CodeIgniter->run()
CRITICAL - 2023-10-24 14:07:46 --> A non-numeric value encountered
in APPPATH/Models/Db_model.php on line 17.
 1 APPPATH/Models/Db_model.php(17): CodeIgniter\Debug\Exceptions->errorHandler()
 2 APPPATH/Controllers/Actualites.php(12): App\Models\Db_model->get_latest_actualites()
 3 SYSTEMPATH/CodeIgniter.php(942): App\Controllers\Actualites->listing()
 4 SYSTEMPATH/CodeIgniter.php(502): CodeIgniter\CodeIgniter->runController()
 5 SYSTEMPATH/CodeIgniter.php(361): CodeIgniter\CodeIgniter->handleRequest()
 6 FCPATH/index.php(79): CodeIgniter\CodeIgniter->run()
CRITICAL - 2023-10-24 14:08:58 --> A non-numeric value encountered
in APPPATH/Models/Db_model.php on line 17.
 1 APPPATH/Models/Db_model.php(17): CodeIgniter\Debug\Exceptions->errorHandler()
 2 APPPATH/Controllers/Actualites.php(13): App\Models\Db_model->get_latest_actualites()
 3 SYSTEMPATH/CodeIgniter.php(942): App\Controllers\Actualites->listing()
 4 SYSTEMPATH/CodeIgniter.php(502): CodeIgniter\CodeIgniter->runController()
 5 SYSTEMPATH/CodeIgniter.php(361): CodeIgniter\CodeIgniter->handleRequest()
 6 FCPATH/index.php(79): CodeIgniter\CodeIgniter->run()
CRITICAL - 2023-10-24 14:39:15 --> Undefined index: total
in APPPATH/Models/Db_model.php on line 17.
 1 APPPATH/Models/Db_model.php(17): CodeIgniter\Debug\Exceptions->errorHandler()
 2 APPPATH/Controllers/Actualites.php(13): App\Models\Db_model->get_latest_actualites()
 3 SYSTEMPATH/CodeIgniter.php(942): App\Controllers\Actualites->listing()
 4 SYSTEMPATH/CodeIgniter.php(502): CodeIgniter\CodeIgniter->runController()
 5 SYSTEMPATH/CodeIgniter.php(361): CodeIgniter\CodeIgniter->handleRequest()
 6 FCPATH/index.php(79): CodeIgniter\CodeIgniter->run()
CRITICAL - 2023-10-24 14:39:33 --> Undefined index: total
in APPPATH/Models/Db_model.php on line 17.
 1 APPPATH/Models/Db_model.php(17): CodeIgniter\Debug\Exceptions->errorHandler()
 2 APPPATH/Controllers/Actualites.php(13): App\Models\Db_model->get_latest_actualites()
 3 SYSTEMPATH/CodeIgniter.php(942): App\Controllers\Actualites->listing()
 4 SYSTEMPATH/CodeIgniter.php(502): CodeIgniter\CodeIgniter->runController()
 5 SYSTEMPATH/CodeIgniter.php(361): CodeIgniter\CodeIgniter->handleRequest()
 6 FCPATH/index.php(79): CodeIgniter\CodeIgniter->run()
CRITICAL - 2023-10-24 14:39:41 --> Undefined index: total
in APPPATH/Models/Db_model.php on line 17.
 1 APPPATH/Models/Db_model.php(17): CodeIgniter\Debug\Exceptions->errorHandler()
 2 APPPATH/Controllers/Actualites.php(13): App\Models\Db_model->get_latest_actualites()
 3 SYSTEMPATH/CodeIgniter.php(942): App\Controllers\Actualites->listing()
 4 SYSTEMPATH/CodeIgniter.php(502): CodeIgniter\CodeIgniter->runController()
 5 SYSTEMPATH/CodeIgniter.php(361): CodeIgniter\CodeIgniter->handleRequest()
 6 FCPATH/index.php(79): CodeIgniter\CodeIgniter->run()
CRITICAL - 2023-10-24 14:39:42 --> Undefined index: total
in APPPATH/Models/Db_model.php on line 17.
 1 APPPATH/Models/Db_model.php(17): CodeIgniter\Debug\Exceptions->errorHandler()
 2 APPPATH/Controllers/Actualites.php(13): App\Models\Db_model->get_latest_actualites()
 3 SYSTEMPATH/CodeIgniter.php(942): App\Controllers\Actualites->listing()
 4 SYSTEMPATH/CodeIgniter.php(502): CodeIgniter\CodeIgniter->runController()
 5 SYSTEMPATH/CodeIgniter.php(361): CodeIgniter\CodeIgniter->handleRequest()
 6 FCPATH/index.php(79): CodeIgniter\CodeIgniter->run()
CRITICAL - 2023-10-24 14:39:44 --> Undefined index: total
in APPPATH/Models/Db_model.php on line 17.
 1 APPPATH/Models/Db_model.php(17): CodeIgniter\Debug\Exceptions->errorHandler()
 2 APPPATH/Controllers/Actualites.php(13): App\Models\Db_model->get_latest_actualites()
 3 SYSTEMPATH/CodeIgniter.php(942): App\Controllers\Actualites->listing()
 4 SYSTEMPATH/CodeIgniter.php(502): CodeIgniter\CodeIgniter->runController()
 5 SYSTEMPATH/CodeIgniter.php(361): CodeIgniter\CodeIgniter->handleRequest()
 6 FCPATH/index.php(79): CodeIgniter\CodeIgniter->run()
CRITICAL - 2023-10-24 15:01:28 --> Call to undefined function App\Models\int()
in APPPATH/Models/Db_model.php on line 24.
 1 APPPATH/Controllers/Actualites.php(15): App\Models\Db_model->count_actualites_page()
 2 SYSTEMPATH/CodeIgniter.php(942): App\Controllers\Actualites->listing()
 3 SYSTEMPATH/CodeIgniter.php(502): CodeIgniter\CodeIgniter->runController()
 4 SYSTEMPATH/CodeIgniter.php(361): CodeIgniter\CodeIgniter->handleRequest()
 5 FCPATH/index.php(79): CodeIgniter\CodeIgniter->run()
CRITICAL - 2023-10-24 15:03:18 --> Class 'App\Models\Exception' not found
in APPPATH/Models/Db_model.php on line 18.
 1 APPPATH/Controllers/Actualites.php(13): App\Models\Db_model->get_latest_actualites()
 2 SYSTEMPATH/CodeIgniter.php(942): App\Controllers\Actualites->listing()
 3 SYSTEMPATH/CodeIgniter.php(502): CodeIgniter\CodeIgniter->runController()
 4 SYSTEMPATH/CodeIgniter.php(361): CodeIgniter\CodeIgniter->handleRequest()
 5 FCPATH/index.php(79): CodeIgniter\CodeIgniter->run()
CRITICAL - 2023-10-24 15:03:32 --> Class 'App\Models\Exception' not found
in APPPATH/Models/Db_model.php on line 18.
 1 APPPATH/Controllers/Actualites.php(13): App\Models\Db_model->get_latest_actualites()
 2 SYSTEMPATH/CodeIgniter.php(942): App\Controllers\Actualites->listing()
 3 SYSTEMPATH/CodeIgniter.php(502): CodeIgniter\CodeIgniter->runController()
 4 SYSTEMPATH/CodeIgniter.php(361): CodeIgniter\CodeIgniter->handleRequest()
 5 FCPATH/index.php(79): CodeIgniter\CodeIgniter->run()
CRITICAL - 2023-10-24 15:04:37 --> Class 'App\Models\Exception' not found
in APPPATH/Models/Db_model.php on line 18.
 1 APPPATH/Controllers/Actualites.php(13): App\Models\Db_model->get_latest_actualites()
 2 SYSTEMPATH/CodeIgniter.php(942): App\Controllers\Actualites->listing()
 3 SYSTEMPATH/CodeIgniter.php(502): CodeIgniter\CodeIgniter->runController()
 4 SYSTEMPATH/CodeIgniter.php(361): CodeIgniter\CodeIgniter->handleRequest()
 5 FCPATH/index.php(79): CodeIgniter\CodeIgniter->run()
CRITICAL - 2023-10-24 15:04:53 --> syntax error, unexpected ';'
in APPPATH/Models/Db_model.php on line 18.
 1 SYSTEMPATH/Autoloader/Autoloader.php(291): CodeIgniter\Autoloader\Autoloader->includeFile()
 2 SYSTEMPATH/Autoloader/Autoloader.php(269): CodeIgniter\Autoloader\Autoloader->loadInNamespace()
 3 [internal function]: CodeIgniter\Autoloader\Autoloader->loadClass()
 4 [internal function]: spl_autoload_call()
 5 SYSTEMPATH/Config/Factories.php(283): class_exists()
 6 SYSTEMPATH/Config/Factories.php(202): CodeIgniter\Config\Factories::locateClass()
 7 SYSTEMPATH/Config/Factories.php(161): CodeIgniter\Config\Factories::getDefinedInstance()
 8 SYSTEMPATH/Common.php(827): CodeIgniter\Config\Factories::__callStatic()
 9 APPPATH/Controllers/Actualites.php(11): model()
10 SYSTEMPATH/CodeIgniter.php(942): App\Controllers\Actualites->listing()
11 SYSTEMPATH/CodeIgniter.php(502): CodeIgniter\CodeIgniter->runController()
12 SYSTEMPATH/CodeIgniter.php(361): CodeIgniter\CodeIgniter->handleRequest()
13 FCPATH/index.php(79): CodeIgniter\CodeIgniter->run()
CRITICAL - 2023-10-24 15:06:38 --> Undefined variable: message
in APPPATH/Views/errors/html/error_404.php on line 77.
 1 APPPATH/Views/errors/html/error_404.php(77): CodeIgniter\Debug\Exceptions->errorHandler()
 2 SYSTEMPATH/View/View.php(228): include('/home/2023DIFAL3/e22000229/public_html/v1/ci/app/Views/errors/html/error_404.php')
 3 SYSTEMPATH/View/View.php(231): CodeIgniter\View\View->CodeIgniter\View\{closure}()
 4 SYSTEMPATH/Common.php(1190): CodeIgniter\View\View->render()
 5 APPPATH/Controllers/Actualites.php(16): view()
 6 SYSTEMPATH/CodeIgniter.php(942): App\Controllers\Actualites->listing()
 7 SYSTEMPATH/CodeIgniter.php(502): CodeIgniter\CodeIgniter->runController()
 8 SYSTEMPATH/CodeIgniter.php(361): CodeIgniter\CodeIgniter->handleRequest()
 9 FCPATH/index.php(79): CodeIgniter\CodeIgniter->run()
CRITICAL - 2023-10-24 15:29:17 --> syntax error, unexpected '=>' (T_DOUBLE_ARROW), expecting ']'
in APPPATH/Controllers/Actualites.php on line 21.
 1 SYSTEMPATH/Autoloader/Autoloader.php(291): CodeIgniter\Autoloader\Autoloader->includeFile()
 2 SYSTEMPATH/Autoloader/Autoloader.php(269): CodeIgniter\Autoloader\Autoloader->loadInNamespace()
 3 [internal function]: CodeIgniter\Autoloader\Autoloader->loadClass()
 4 [internal function]: spl_autoload_call()
 5 SYSTEMPATH/CodeIgniter.php(900): class_exists()
 6 SYSTEMPATH/CodeIgniter.php(489): CodeIgniter\CodeIgniter->startController()
 7 SYSTEMPATH/CodeIgniter.php(361): CodeIgniter\CodeIgniter->handleRequest()
 8 FCPATH/index.php(79): CodeIgniter\CodeIgniter->run()
ERROR - 2023-10-24 15:29:29 --> mysqli_sql_exception: You have an error in your SQL syntax; check the manual that corresponds to your MariaDB server version for the right syntax to use near 'web avec JavaScript, act_statut = C, act_contenu = Création de sites web int...' at line 1 in /home/2023DIFAL3/e22000229/public_html/v1/ci/system/Database/MySQLi/Connection.php:306
Stack trace:
#0 /home/2023DIFAL3/e22000229/public_html/v1/ci/system/Database/MySQLi/Connection.php(306): mysqli->query()
#1 /home/2023DIFAL3/e22000229/public_html/v1/ci/system/Database/BaseConnection.php(693): CodeIgniter\Database\MySQLi\Connection->execute()
#2 /home/2023DIFAL3/e22000229/public_html/v1/ci/system/Database/BaseConnection.php(607): CodeIgniter\Database\BaseConnection->simpleQuery()
#3 /home/2023DIFAL3/e22000229/public_html/v1/ci/app/Models/Db_model.php(35): CodeIgniter\Database\BaseConnection->query()
#4 /home/2023DIFAL3/e22000229/public_html/v1/ci/app/Controllers/Actualites.php(23): App\Models\Db_model->update_actualite()
#5 /home/2023DIFAL3/e22000229/public_html/v1/ci/system/CodeIgniter.php(942): App\Controllers\Actualites->listing()
#6 /home/2023DIFAL3/e22000229/public_html/v1/ci/system/CodeIgniter.php(502): CodeIgniter\CodeIgniter->runController()
#7 /home/2023DIFAL3/e22000229/public_html/v1/ci/system/CodeIgniter.php(361): CodeIgniter\CodeIgniter->handleRequest()
#8 /home/2023DIFAL3/e22000229/public_html/v1/ci/public/index.php(79): CodeIgniter\CodeIgniter->run()
#9 {main}
CRITICAL - 2023-10-24 15:29:29 --> You have an error in your SQL syntax; check the manual that corresponds to your MariaDB server version for the right syntax to use near 'web avec JavaScript, act_statut = C, act_contenu = Création de sites web int...' at line 1
in SYSTEMPATH/Database/BaseConnection.php on line 647.
 1 APPPATH/Models/Db_model.php(35): CodeIgniter\Database\BaseConnection->query()
 2 APPPATH/Controllers/Actualites.php(23): App\Models\Db_model->update_actualite()
 3 SYSTEMPATH/CodeIgniter.php(942): App\Controllers\Actualites->listing()
 4 SYSTEMPATH/CodeIgniter.php(502): CodeIgniter\CodeIgniter->runController()
 5 SYSTEMPATH/CodeIgniter.php(361): CodeIgniter\CodeIgniter->handleRequest()
 6 FCPATH/index.php(79): CodeIgniter\CodeIgniter->run()
CRITICAL - 2023-10-24 15:30:01 --> syntax error, unexpected '$titre' (T_VARIABLE), expecting ')'
in APPPATH/Models/Db_model.php on line 35.
 1 SYSTEMPATH/Autoloader/Autoloader.php(291): CodeIgniter\Autoloader\Autoloader->includeFile()
 2 SYSTEMPATH/Autoloader/Autoloader.php(269): CodeIgniter\Autoloader\Autoloader->loadInNamespace()
 3 [internal function]: CodeIgniter\Autoloader\Autoloader->loadClass()
 4 [internal function]: spl_autoload_call()
 5 SYSTEMPATH/Config/Factories.php(283): class_exists()
 6 SYSTEMPATH/Config/Factories.php(202): CodeIgniter\Config\Factories::locateClass()
 7 SYSTEMPATH/Config/Factories.php(161): CodeIgniter\Config\Factories::getDefinedInstance()
 8 SYSTEMPATH/Common.php(827): CodeIgniter\Config\Factories::__callStatic()
 9 APPPATH/Controllers/Actualites.php(11): model()
10 SYSTEMPATH/CodeIgniter.php(942): App\Controllers\Actualites->listing()
11 SYSTEMPATH/CodeIgniter.php(502): CodeIgniter\CodeIgniter->runController()
12 SYSTEMPATH/CodeIgniter.php(361): CodeIgniter\CodeIgniter->handleRequest()
13 FCPATH/index.php(79): CodeIgniter\CodeIgniter->run()
CRITICAL - 2023-10-24 15:44:55 --> syntax error, unexpected end of file
in APPPATH/Config/Routes.php on line 15.
 1 SYSTEMPATH/CodeIgniter.php(810): CodeIgniter\Router\RouteCollection->loadRoutes()
 2 SYSTEMPATH/CodeIgniter.php(450): CodeIgniter\CodeIgniter->tryToRouteIt()
 3 SYSTEMPATH/CodeIgniter.php(361): CodeIgniter\CodeIgniter->handleRequest()
 4 FCPATH/index.php(79): CodeIgniter\CodeIgniter->run()
CRITICAL - 2023-10-24 15:50:43 --> Call to undefined function App\Controllers\select_actualite()
in APPPATH/Controllers/Actualites.php on line 23.
 1 SYSTEMPATH/CodeIgniter.php(942): App\Controllers\Actualites->update()
 2 SYSTEMPATH/CodeIgniter.php(502): CodeIgniter\CodeIgniter->runController()
 3 SYSTEMPATH/CodeIgniter.php(361): CodeIgniter\CodeIgniter->handleRequest()
 4 FCPATH/index.php(79): CodeIgniter\CodeIgniter->run()
CRITICAL - 2023-10-24 15:50:54 --> Undefined variable: model
in APPPATH/Controllers/Actualites.php on line 23.
 1 APPPATH/Controllers/Actualites.php(23): CodeIgniter\Debug\Exceptions->errorHandler()
 2 SYSTEMPATH/CodeIgniter.php(942): App\Controllers\Actualites->update()
 3 SYSTEMPATH/CodeIgniter.php(502): CodeIgniter\CodeIgniter->runController()
 4 SYSTEMPATH/CodeIgniter.php(361): CodeIgniter\CodeIgniter->handleRequest()
 5 FCPATH/index.php(79): CodeIgniter\CodeIgniter->run()
CRITICAL - 2023-10-24 15:53:03 --> chmod() has been disabled for security reasons
in SYSTEMPATH/Session/Handlers/FileHandler.php on line 147.
 1 [internal function]: CodeIgniter\Debug\Exceptions->errorHandler()
 2 SYSTEMPATH/Session/Handlers/FileHandler.php(147): chmod()
 3 [internal function]: CodeIgniter\Session\Handlers\FileHandler->read()
 4 SYSTEMPATH/Session/Session.php(919): session_start()
 5 SYSTEMPATH/Session/Session.php(241): CodeIgniter\Session\Session->startSession()
 6 SYSTEMPATH/Config/Services.php(693): CodeIgniter\Session\Session->start()
 7 SYSTEMPATH/Config/BaseService.php(258): CodeIgniter\Config\Services::session()
 8 SYSTEMPATH/Config/BaseService.php(199): CodeIgniter\Config\BaseService::__callStatic()
 9 SYSTEMPATH/Config/Services.php(664): CodeIgniter\Config\BaseService::getSharedInstance()
10 SYSTEMPATH/Config/BaseService.php(258): CodeIgniter\Config\Services::session()
11 SYSTEMPATH/Common.php(996): CodeIgniter\Config\BaseService::__callStatic()
12 APPPATH/Controllers/Actualites.php(24): session()
13 SYSTEMPATH/CodeIgniter.php(942): App\Controllers\Actualites->update()
14 SYSTEMPATH/CodeIgniter.php(502): CodeIgniter\CodeIgniter->runController()
15 SYSTEMPATH/CodeIgniter.php(361): CodeIgniter\CodeIgniter->handleRequest()
16 FCPATH/index.php(79): CodeIgniter\CodeIgniter->run()
INFO - 2023-10-24 15:56:50 --> Session: Class initialized using 'CodeIgniter\Session\Handlers\FileHandler' driver.
