CRITICAL - 2023-11-14 10:23:24 --> syntax error, unexpected '}'
in APPPATH/Controllers/Compte.php on line 16.
 1 SYSTEMPATH/Autoloader/Autoloader.php(291): CodeIgniter\Autoloader\Autoloader->includeFile()
 2 SYSTEMPATH/Autoloader/Autoloader.php(269): CodeIgniter\Autoloader\Autoloader->loadInNamespace()
 3 [internal function]: CodeIgniter\Autoloader\Autoloader->loadClass()
 4 [internal function]: spl_autoload_call()
 5 SYSTEMPATH/CodeIgniter.php(900): class_exists()
 6 SYSTEMPATH/CodeIgniter.php(489): CodeIgniter\CodeIgniter->startController()
 7 SYSTEMPATH/CodeIgniter.php(361): CodeIgniter\CodeIgniter->handleRequest()
 8 FCPATH/index.php(79): CodeIgniter\CodeIgniter->run()
CRITICAL - 2023-11-14 10:23:24 --> Uncaught ErrorException: chmod() has been disabled for security reasons in /home/2023DIFAL3/e22000229/public_html/v1/ci/system/Log/Handlers/FileHandler.php:119
Stack trace:
#0 [internal function]: CodeIgniter\Debug\Exceptions->errorHandler()
#1 /home/2023DIFAL3/e22000229/public_html/v1/ci/system/Log/Handlers/FileHandler.php(119): chmod()
#2 /home/2023DIFAL3/e22000229/public_html/v1/ci/system/Log/Logger.php(294): CodeIgniter\Log\Handlers\FileHandler->handle()
#3 /home/2023DIFAL3/e22000229/public_html/v1/ci/system/Common.php(810): CodeIgniter\Log\Logger->log()
#4 /home/2023DIFAL3/e22000229/public_html/v1/ci/system/Debug/Exceptions.php(133): log_message()
#5 [internal function]: CodeIgniter\Debug\Exceptions->exceptionHandler()
#6 {main}
  thrown
【Previous Exception】
ParseError
syntax error, unexpected '}'
#0 /home/2023DIFAL3/e22000229/public_html/v1/ci/system/Autoloader/Autoloader.php(291): CodeIgniter\Autoloader\Autoloader->includeFile()
#1 /home/2023DIFAL3/e22000229/public_html/v1/ci/system/Autoloader/Autoloader.php(269): CodeIgniter\Autoloader\Autoloader->loadInNamespace()
#2 [internal function]: CodeIgniter\Autoloader\Autoloader->loadClass()
#3 [internal function]: spl_autoload_call()
#4 /home/2023DIFAL3/e22000229/public_html/v1/ci/system/CodeIgniter.php(900): class_exists()
#5 /home/2023DIFAL3/e22000229/public_html/v1/ci/system/CodeIgniter.php(489): CodeIgniter\CodeIgniter->startController()
#6 /home/2023DIFAL3/e22000229/public_html/v1/ci/system/CodeIgniter.php(361): CodeIgniter\CodeIgniter->handleRequest()
#7 /home/2023DIFAL3/e22000229/public_html/v1/ci/public/index.php(79): CodeIgniter\CodeIgniter->run()
#8 {main}
in SYSTEMPATH/Log/Handlers/FileHandler.php on line 119.
 1 [internal function]: CodeIgniter\Debug\Exceptions->shutdownHandler()
CRITICAL - 2023-11-14 10:23:29 --> syntax error, unexpected '}'
in APPPATH/Controllers/Compte.php on line 16.
 1 SYSTEMPATH/Autoloader/Autoloader.php(291): CodeIgniter\Autoloader\Autoloader->includeFile()
 2 SYSTEMPATH/Autoloader/Autoloader.php(269): CodeIgniter\Autoloader\Autoloader->loadInNamespace()
 3 [internal function]: CodeIgniter\Autoloader\Autoloader->loadClass()
 4 [internal function]: spl_autoload_call()
 5 SYSTEMPATH/CodeIgniter.php(900): class_exists()
 6 SYSTEMPATH/CodeIgniter.php(489): CodeIgniter\CodeIgniter->startController()
 7 SYSTEMPATH/CodeIgniter.php(361): CodeIgniter\CodeIgniter->handleRequest()
 8 FCPATH/index.php(79): CodeIgniter\CodeIgniter->run()
CRITICAL - 2023-11-14 11:02:06 --> Invalid file: "compte/creer_succes.php"
in SYSTEMPATH/Exceptions/FrameworkException.php on line 39.
 1 SYSTEMPATH/View/View.php(216): CodeIgniter\Exceptions\FrameworkException::forInvalidFile()
 2 SYSTEMPATH/Common.php(1190): CodeIgniter\View\View->render()
 3 APPPATH/Controllers/Compte.php(34): view()
 4 SYSTEMPATH/CodeIgniter.php(942): App\Controllers\Compte->creer()
 5 SYSTEMPATH/CodeIgniter.php(502): CodeIgniter\CodeIgniter->runController()
 6 SYSTEMPATH/CodeIgniter.php(361): CodeIgniter\CodeIgniter->handleRequest()
 7 FCPATH/index.php(79): CodeIgniter\CodeIgniter->run()
ERROR - 2023-11-14 11:02:24 --> mysqli_sql_exception: Duplicate entry '' for key 'mail_UNIQUE' in /home/2023DIFAL3/e22000229/public_html/v1/ci/system/Database/MySQLi/Connection.php:306
Stack trace:
#0 /home/2023DIFAL3/e22000229/public_html/v1/ci/system/Database/MySQLi/Connection.php(306): mysqli->query()
#1 /home/2023DIFAL3/e22000229/public_html/v1/ci/system/Database/BaseConnection.php(693): CodeIgniter\Database\MySQLi\Connection->execute()
#2 /home/2023DIFAL3/e22000229/public_html/v1/ci/system/Database/BaseConnection.php(607): CodeIgniter\Database\BaseConnection->simpleQuery()
#3 /home/2023DIFAL3/e22000229/public_html/v1/ci/app/Models/Db_model.php(72): CodeIgniter\Database\BaseConnection->query()
#4 /home/2023DIFAL3/e22000229/public_html/v1/ci/app/Controllers/Compte.php(32): App\Models\Db_model->set_compte()
#5 /home/2023DIFAL3/e22000229/public_html/v1/ci/system/CodeIgniter.php(942): App\Controllers\Compte->creer()
#6 /home/2023DIFAL3/e22000229/public_html/v1/ci/system/CodeIgniter.php(502): CodeIgniter\CodeIgniter->runController()
#7 /home/2023DIFAL3/e22000229/public_html/v1/ci/system/CodeIgniter.php(361): CodeIgniter\CodeIgniter->handleRequest()
#8 /home/2023DIFAL3/e22000229/public_html/v1/ci/public/index.php(79): CodeIgniter\CodeIgniter->run()
#9 {main}
CRITICAL - 2023-11-14 11:02:24 --> Duplicate entry '' for key 'mail_UNIQUE'
in SYSTEMPATH/Database/BaseConnection.php on line 647.
 1 APPPATH/Models/Db_model.php(72): CodeIgniter\Database\BaseConnection->query()
 2 APPPATH/Controllers/Compte.php(32): App\Models\Db_model->set_compte()
 3 SYSTEMPATH/CodeIgniter.php(942): App\Controllers\Compte->creer()
 4 SYSTEMPATH/CodeIgniter.php(502): CodeIgniter\CodeIgniter->runController()
 5 SYSTEMPATH/CodeIgniter.php(361): CodeIgniter\CodeIgniter->handleRequest()
 6 FCPATH/index.php(79): CodeIgniter\CodeIgniter->run()
ERROR - 2023-11-14 11:06:29 --> mysqli_sql_exception: Duplicate entry '' for key 'mail_UNIQUE' in /home/2023DIFAL3/e22000229/public_html/v1/ci/system/Database/MySQLi/Connection.php:306
Stack trace:
#0 /home/2023DIFAL3/e22000229/public_html/v1/ci/system/Database/MySQLi/Connection.php(306): mysqli->query()
#1 /home/2023DIFAL3/e22000229/public_html/v1/ci/system/Database/BaseConnection.php(693): CodeIgniter\Database\MySQLi\Connection->execute()
#2 /home/2023DIFAL3/e22000229/public_html/v1/ci/system/Database/BaseConnection.php(607): CodeIgniter\Database\BaseConnection->simpleQuery()
#3 /home/2023DIFAL3/e22000229/public_html/v1/ci/app/Models/Db_model.php(72): CodeIgniter\Database\BaseConnection->query()
#4 /home/2023DIFAL3/e22000229/public_html/v1/ci/app/Controllers/Compte.php(33): App\Models\Db_model->set_compte()
#5 /home/2023DIFAL3/e22000229/public_html/v1/ci/system/CodeIgniter.php(942): App\Controllers\Compte->creer()
#6 /home/2023DIFAL3/e22000229/public_html/v1/ci/system/CodeIgniter.php(502): CodeIgniter\CodeIgniter->runController()
#7 /home/2023DIFAL3/e22000229/public_html/v1/ci/system/CodeIgniter.php(361): CodeIgniter\CodeIgniter->handleRequest()
#8 /home/2023DIFAL3/e22000229/public_html/v1/ci/public/index.php(79): CodeIgniter\CodeIgniter->run()
#9 {main}
CRITICAL - 2023-11-14 11:06:29 --> Duplicate entry '' for key 'mail_UNIQUE'
in SYSTEMPATH/Database/BaseConnection.php on line 647.
 1 APPPATH/Models/Db_model.php(72): CodeIgniter\Database\BaseConnection->query()
 2 APPPATH/Controllers/Compte.php(33): App\Models\Db_model->set_compte()
 3 SYSTEMPATH/CodeIgniter.php(942): App\Controllers\Compte->creer()
 4 SYSTEMPATH/CodeIgniter.php(502): CodeIgniter\CodeIgniter->runController()
 5 SYSTEMPATH/CodeIgniter.php(361): CodeIgniter\CodeIgniter->handleRequest()
 6 FCPATH/index.php(79): CodeIgniter\CodeIgniter->run()
CRITICAL - 2023-11-14 11:14:36 --> chmod() has been disabled for security reasons
in SYSTEMPATH/Session/Handlers/FileHandler.php on line 147.
 1 [internal function]: CodeIgniter\Debug\Exceptions->errorHandler()
 2 SYSTEMPATH/Session/Handlers/FileHandler.php(147): chmod()
 3 [internal function]: CodeIgniter\Session\Handlers\FileHandler->read()
 4 SYSTEMPATH/Session/Session.php(919): session_start()
 5 SYSTEMPATH/Session/Session.php(241): CodeIgniter\Session\Session->startSession()
 6 SYSTEMPATH/Config/Services.php(693): CodeIgniter\Session\Session->start()
 7 SYSTEMPATH/Config/BaseService.php(258): CodeIgniter\Config\Services::session()
 8 SYSTEMPATH/Config/BaseService.php(199): CodeIgniter\Config\BaseService::__callStatic()
 9 SYSTEMPATH/Config/Services.php(664): CodeIgniter\Config\BaseService::getSharedInstance()
10 SYSTEMPATH/Config/BaseService.php(258): CodeIgniter\Config\Services::session()
11 SYSTEMPATH/Common.php(996): CodeIgniter\Config\BaseService::__callStatic()
12 APPPATH/Views/compte/creer.php(1): session()
13 SYSTEMPATH/View/View.php(228): include('/home/2023DIFAL3/e22000229/public_html/v1/ci/app/Views/compte/creer.php')
14 SYSTEMPATH/View/View.php(231): CodeIgniter\View\View->CodeIgniter\View\{closure}()
15 SYSTEMPATH/Common.php(1190): CodeIgniter\View\View->render()
16 APPPATH/Controllers/Compte.php(38): view()
17 SYSTEMPATH/CodeIgniter.php(942): App\Controllers\Compte->creer()
18 SYSTEMPATH/CodeIgniter.php(502): CodeIgniter\CodeIgniter->runController()
19 SYSTEMPATH/CodeIgniter.php(361): CodeIgniter\CodeIgniter->handleRequest()
20 FCPATH/index.php(79): CodeIgniter\CodeIgniter->run()
INFO - 2023-11-14 11:14:39 --> Session: Class initialized using 'CodeIgniter\Session\Handlers\FileHandler' driver.
INFO - 2023-11-14 11:14:46 --> Session: Class initialized using 'CodeIgniter\Session\Handlers\FileHandler' driver.
INFO - 2023-11-14 11:14:56 --> Session: Class initialized using 'CodeIgniter\Session\Handlers\FileHandler' driver.
INFO - 2023-11-14 11:14:58 --> Session: Class initialized using 'CodeIgniter\Session\Handlers\FileHandler' driver.
INFO - 2023-11-14 11:15:01 --> Session: Class initialized using 'CodeIgniter\Session\Handlers\FileHandler' driver.
INFO - 2023-11-14 11:16:21 --> Session: Class initialized using 'CodeIgniter\Session\Handlers\FileHandler' driver.
INFO - 2023-11-14 11:16:24 --> Session: Class initialized using 'CodeIgniter\Session\Handlers\FileHandler' driver.
INFO - 2023-11-14 11:16:35 --> Session: Class initialized using 'CodeIgniter\Session\Handlers\FileHandler' driver.
CRITICAL - 2023-11-14 11:36:33 --> chmod() has been disabled for security reasons
in SYSTEMPATH/Session/Handlers/FileHandler.php on line 147.
 1 [internal function]: CodeIgniter\Debug\Exceptions->errorHandler()
 2 SYSTEMPATH/Session/Handlers/FileHandler.php(147): chmod()
 3 [internal function]: CodeIgniter\Session\Handlers\FileHandler->read()
 4 SYSTEMPATH/Session/Session.php(919): session_start()
 5 SYSTEMPATH/Session/Session.php(241): CodeIgniter\Session\Session->startSession()
 6 SYSTEMPATH/Config/Services.php(693): CodeIgniter\Session\Session->start()
 7 SYSTEMPATH/Config/BaseService.php(258): CodeIgniter\Config\Services::session()
 8 SYSTEMPATH/Config/BaseService.php(199): CodeIgniter\Config\BaseService::__callStatic()
 9 SYSTEMPATH/Config/Services.php(664): CodeIgniter\Config\BaseService::getSharedInstance()
10 SYSTEMPATH/Config/BaseService.php(258): CodeIgniter\Config\Services::session()
11 SYSTEMPATH/Common.php(996): CodeIgniter\Config\BaseService::__callStatic()
12 APPPATH/Views/compte/creer.php(1): session()
13 SYSTEMPATH/View/View.php(228): include('/home/2023DIFAL3/e22000229/public_html/v1/ci/app/Views/compte/creer.php')
14 SYSTEMPATH/View/View.php(231): CodeIgniter\View\View->CodeIgniter\View\{closure}()
15 SYSTEMPATH/Common.php(1190): CodeIgniter\View\View->render()
16 APPPATH/Controllers/Compte.php(38): view()
17 SYSTEMPATH/CodeIgniter.php(942): App\Controllers\Compte->creer()
18 SYSTEMPATH/CodeIgniter.php(502): CodeIgniter\CodeIgniter->runController()
19 SYSTEMPATH/CodeIgniter.php(361): CodeIgniter\CodeIgniter->handleRequest()
20 FCPATH/index.php(79): CodeIgniter\CodeIgniter->run()
INFO - 2023-11-14 11:36:39 --> Session: Class initialized using 'CodeIgniter\Session\Handlers\FileHandler' driver.
INFO - 2023-11-14 11:36:45 --> Session: Class initialized using 'CodeIgniter\Session\Handlers\FileHandler' driver.
INFO - 2023-11-14 11:36:55 --> Session: Class initialized using 'CodeIgniter\Session\Handlers\FileHandler' driver.
INFO - 2023-11-14 11:36:59 --> Session: Class initialized using 'CodeIgniter\Session\Handlers\FileHandler' driver.
CRITICAL - 2023-11-14 11:43:24 --> syntax error, unexpected ''min_length'' (T_CONSTANT_ENCAPSED_STRING), expecting ']'
in APPPATH/Controllers/Compte.php on line 30.
 1 SYSTEMPATH/Autoloader/Autoloader.php(291): CodeIgniter\Autoloader\Autoloader->includeFile()
 2 SYSTEMPATH/Autoloader/Autoloader.php(269): CodeIgniter\Autoloader\Autoloader->loadInNamespace()
 3 [internal function]: CodeIgniter\Autoloader\Autoloader->loadClass()
 4 [internal function]: spl_autoload_call()
 5 SYSTEMPATH/CodeIgniter.php(900): class_exists()
 6 SYSTEMPATH/CodeIgniter.php(489): CodeIgniter\CodeIgniter->startController()
 7 SYSTEMPATH/CodeIgniter.php(361): CodeIgniter\CodeIgniter->handleRequest()
 8 FCPATH/index.php(79): CodeIgniter\CodeIgniter->run()
CRITICAL - 2023-11-14 11:43:26 --> syntax error, unexpected ''min_length'' (T_CONSTANT_ENCAPSED_STRING), expecting ']'
in APPPATH/Controllers/Compte.php on line 30.
 1 SYSTEMPATH/Autoloader/Autoloader.php(291): CodeIgniter\Autoloader\Autoloader->includeFile()
 2 SYSTEMPATH/Autoloader/Autoloader.php(269): CodeIgniter\Autoloader\Autoloader->loadInNamespace()
 3 [internal function]: CodeIgniter\Autoloader\Autoloader->loadClass()
 4 [internal function]: spl_autoload_call()
 5 SYSTEMPATH/CodeIgniter.php(900): class_exists()
 6 SYSTEMPATH/CodeIgniter.php(489): CodeIgniter\CodeIgniter->startController()
 7 SYSTEMPATH/CodeIgniter.php(361): CodeIgniter\CodeIgniter->handleRequest()
 8 FCPATH/index.php(79): CodeIgniter\CodeIgniter->run()
CRITICAL - 2023-11-14 11:43:41 --> Failed to create(read) session ID: user (path: /home/2023DIFAL3/e22000229/public_html/v1/ci/writable/session)
in SYSTEMPATH/Session/Session.php on line 400.
 1 SYSTEMPATH/Session/Session.php(400): session_regenerate_id()
 2 SYSTEMPATH/Session/Session.php(250): CodeIgniter\Session\Session->regenerate()
 3 SYSTEMPATH/Config/Services.php(693): CodeIgniter\Session\Session->start()
 4 SYSTEMPATH/Config/BaseService.php(258): CodeIgniter\Config\Services::session()
 5 SYSTEMPATH/Config/BaseService.php(199): CodeIgniter\Config\BaseService::__callStatic()
 6 SYSTEMPATH/Config/Services.php(664): CodeIgniter\Config\BaseService::getSharedInstance()
 7 SYSTEMPATH/Config/BaseService.php(258): CodeIgniter\Config\Services::session()
 8 SYSTEMPATH/Common.php(996): CodeIgniter\Config\BaseService::__callStatic()
 9 APPPATH/Views/compte/creer.php(1): session()
10 SYSTEMPATH/View/View.php(228): include('/home/2023DIFAL3/e22000229/public_html/v1/ci/app/Views/compte/creer.php')
11 SYSTEMPATH/View/View.php(231): CodeIgniter\View\View->CodeIgniter\View\{closure}()
12 SYSTEMPATH/Common.php(1190): CodeIgniter\View\View->render()
13 APPPATH/Controllers/Compte.php(62): view()
14 SYSTEMPATH/CodeIgniter.php(942): App\Controllers\Compte->creer()
15 SYSTEMPATH/CodeIgniter.php(502): CodeIgniter\CodeIgniter->runController()
16 SYSTEMPATH/CodeIgniter.php(361): CodeIgniter\CodeIgniter->handleRequest()
17 FCPATH/index.php(79): CodeIgniter\CodeIgniter->run()
INFO - 2023-11-14 11:43:43 --> Session: Class initialized using 'CodeIgniter\Session\Handlers\FileHandler' driver.
INFO - 2023-11-14 11:43:45 --> Session: Class initialized using 'CodeIgniter\Session\Handlers\FileHandler' driver.
INFO - 2023-11-14 11:44:38 --> Session: Class initialized using 'CodeIgniter\Session\Handlers\FileHandler' driver.
INFO - 2023-11-14 11:44:58 --> Session: Class initialized using 'CodeIgniter\Session\Handlers\FileHandler' driver.
INFO - 2023-11-14 11:46:10 --> Session: Class initialized using 'CodeIgniter\Session\Handlers\FileHandler' driver.
CRITICAL - 2023-11-14 11:46:19 --> chmod() has been disabled for security reasons
in SYSTEMPATH/Session/Handlers/FileHandler.php on line 147.
 1 [internal function]: CodeIgniter\Debug\Exceptions->errorHandler()
 2 SYSTEMPATH/Session/Handlers/FileHandler.php(147): chmod()
 3 [internal function]: CodeIgniter\Session\Handlers\FileHandler->read()
 4 SYSTEMPATH/Session/Session.php(919): session_start()
 5 SYSTEMPATH/Session/Session.php(241): CodeIgniter\Session\Session->startSession()
 6 SYSTEMPATH/Config/Services.php(693): CodeIgniter\Session\Session->start()
 7 SYSTEMPATH/Config/BaseService.php(258): CodeIgniter\Config\Services::session()
 8 SYSTEMPATH/Config/BaseService.php(199): CodeIgniter\Config\BaseService::__callStatic()
 9 SYSTEMPATH/Config/Services.php(664): CodeIgniter\Config\BaseService::getSharedInstance()
10 SYSTEMPATH/Config/BaseService.php(258): CodeIgniter\Config\Services::session()
11 SYSTEMPATH/Common.php(996): CodeIgniter\Config\BaseService::__callStatic()
12 APPPATH/Views/compte/creer.php(1): session()
13 SYSTEMPATH/View/View.php(228): include('/home/2023DIFAL3/e22000229/public_html/v1/ci/app/Views/compte/creer.php')
14 SYSTEMPATH/View/View.php(231): CodeIgniter\View\View->CodeIgniter\View\{closure}()
15 SYSTEMPATH/Common.php(1190): CodeIgniter\View\View->render()
16 APPPATH/Controllers/Compte.php(62): view()
17 SYSTEMPATH/CodeIgniter.php(942): App\Controllers\Compte->creer()
18 SYSTEMPATH/CodeIgniter.php(502): CodeIgniter\CodeIgniter->runController()
19 SYSTEMPATH/CodeIgniter.php(361): CodeIgniter\CodeIgniter->handleRequest()
20 FCPATH/index.php(79): CodeIgniter\CodeIgniter->run()
INFO - 2023-11-14 11:46:31 --> Session: Class initialized using 'CodeIgniter\Session\Handlers\FileHandler' driver.
INFO - 2023-11-14 11:47:38 --> Session: Class initialized using 'CodeIgniter\Session\Handlers\FileHandler' driver.
ERROR - 2023-11-14 11:48:44 --> mysqli_sql_exception: Duplicate entry 'walid.elouazizi@etudiant.univ-brest.fr' for key 'mail_UNIQUE' in /home/2023DIFAL3/e22000229/public_html/v1/ci/system/Database/MySQLi/Connection.php:306
Stack trace:
#0 /home/2023DIFAL3/e22000229/public_html/v1/ci/system/Database/MySQLi/Connection.php(306): mysqli->query()
#1 /home/2023DIFAL3/e22000229/public_html/v1/ci/system/Database/BaseConnection.php(693): CodeIgniter\Database\MySQLi\Connection->execute()
#2 /home/2023DIFAL3/e22000229/public_html/v1/ci/system/Database/BaseConnection.php(607): CodeIgniter\Database\BaseConnection->simpleQuery()
#3 /home/2023DIFAL3/e22000229/public_html/v1/ci/app/Models/Db_model.php(72): CodeIgniter\Database\BaseConnection->query()
#4 /home/2023DIFAL3/e22000229/public_html/v1/ci/app/Controllers/Compte.php(57): App\Models\Db_model->set_compte()
#5 /home/2023DIFAL3/e22000229/public_html/v1/ci/system/CodeIgniter.php(942): App\Controllers\Compte->creer()
#6 /home/2023DIFAL3/e22000229/public_html/v1/ci/system/CodeIgniter.php(502): CodeIgniter\CodeIgniter->runController()
#7 /home/2023DIFAL3/e22000229/public_html/v1/ci/system/CodeIgniter.php(361): CodeIgniter\CodeIgniter->handleRequest()
#8 /home/2023DIFAL3/e22000229/public_html/v1/ci/public/index.php(79): CodeIgniter\CodeIgniter->run()
#9 {main}
CRITICAL - 2023-11-14 11:48:44 --> Duplicate entry 'walid.elouazizi@etudiant.univ-brest.fr' for key 'mail_UNIQUE'
in SYSTEMPATH/Database/BaseConnection.php on line 647.
 1 APPPATH/Models/Db_model.php(72): CodeIgniter\Database\BaseConnection->query()
 2 APPPATH/Controllers/Compte.php(57): App\Models\Db_model->set_compte()
 3 SYSTEMPATH/CodeIgniter.php(942): App\Controllers\Compte->creer()
 4 SYSTEMPATH/CodeIgniter.php(502): CodeIgniter\CodeIgniter->runController()
 5 SYSTEMPATH/CodeIgniter.php(361): CodeIgniter\CodeIgniter->handleRequest()
 6 FCPATH/index.php(79): CodeIgniter\CodeIgniter->run()
ERROR - 2023-11-14 11:51:03 --> mysqli_sql_exception: Duplicate entry 'walid.elouazizi@etudiant.univ-brest.fr' for key 'mail_UNIQUE' in /home/2023DIFAL3/e22000229/public_html/v1/ci/system/Database/MySQLi/Connection.php:306
Stack trace:
#0 /home/2023DIFAL3/e22000229/public_html/v1/ci/system/Database/MySQLi/Connection.php(306): mysqli->query()
#1 /home/2023DIFAL3/e22000229/public_html/v1/ci/system/Database/BaseConnection.php(693): CodeIgniter\Database\MySQLi\Connection->execute()
#2 /home/2023DIFAL3/e22000229/public_html/v1/ci/system/Database/BaseConnection.php(607): CodeIgniter\Database\BaseConnection->simpleQuery()
#3 /home/2023DIFAL3/e22000229/public_html/v1/ci/app/Models/Db_model.php(72): CodeIgniter\Database\BaseConnection->query()
#4 /home/2023DIFAL3/e22000229/public_html/v1/ci/app/Controllers/Compte.php(57): App\Models\Db_model->set_compte()
#5 /home/2023DIFAL3/e22000229/public_html/v1/ci/system/CodeIgniter.php(942): App\Controllers\Compte->creer()
#6 /home/2023DIFAL3/e22000229/public_html/v1/ci/system/CodeIgniter.php(502): CodeIgniter\CodeIgniter->runController()
#7 /home/2023DIFAL3/e22000229/public_html/v1/ci/system/CodeIgniter.php(361): CodeIgniter\CodeIgniter->handleRequest()
#8 /home/2023DIFAL3/e22000229/public_html/v1/ci/public/index.php(79): CodeIgniter\CodeIgniter->run()
#9 {main}
CRITICAL - 2023-11-14 11:51:03 --> Duplicate entry 'walid.elouazizi@etudiant.univ-brest.fr' for key 'mail_UNIQUE'
in SYSTEMPATH/Database/BaseConnection.php on line 647.
 1 APPPATH/Models/Db_model.php(72): CodeIgniter\Database\BaseConnection->query()
 2 APPPATH/Controllers/Compte.php(57): App\Models\Db_model->set_compte()
 3 SYSTEMPATH/CodeIgniter.php(942): App\Controllers\Compte->creer()
 4 SYSTEMPATH/CodeIgniter.php(502): CodeIgniter\CodeIgniter->runController()
 5 SYSTEMPATH/CodeIgniter.php(361): CodeIgniter\CodeIgniter->handleRequest()
 6 FCPATH/index.php(79): CodeIgniter\CodeIgniter->run()
ERROR - 2023-11-14 11:51:09 --> mysqli_sql_exception: Duplicate entry 'walid.elouazizi@etudiant.univ-brest.fr' for key 'mail_UNIQUE' in /home/2023DIFAL3/e22000229/public_html/v1/ci/system/Database/MySQLi/Connection.php:306
Stack trace:
#0 /home/2023DIFAL3/e22000229/public_html/v1/ci/system/Database/MySQLi/Connection.php(306): mysqli->query()
#1 /home/2023DIFAL3/e22000229/public_html/v1/ci/system/Database/BaseConnection.php(693): CodeIgniter\Database\MySQLi\Connection->execute()
#2 /home/2023DIFAL3/e22000229/public_html/v1/ci/system/Database/BaseConnection.php(607): CodeIgniter\Database\BaseConnection->simpleQuery()
#3 /home/2023DIFAL3/e22000229/public_html/v1/ci/app/Models/Db_model.php(72): CodeIgniter\Database\BaseConnection->query()
#4 /home/2023DIFAL3/e22000229/public_html/v1/ci/app/Controllers/Compte.php(57): App\Models\Db_model->set_compte()
#5 /home/2023DIFAL3/e22000229/public_html/v1/ci/system/CodeIgniter.php(942): App\Controllers\Compte->creer()
#6 /home/2023DIFAL3/e22000229/public_html/v1/ci/system/CodeIgniter.php(502): CodeIgniter\CodeIgniter->runController()
#7 /home/2023DIFAL3/e22000229/public_html/v1/ci/system/CodeIgniter.php(361): CodeIgniter\CodeIgniter->handleRequest()
#8 /home/2023DIFAL3/e22000229/public_html/v1/ci/public/index.php(79): CodeIgniter\CodeIgniter->run()
#9 {main}
CRITICAL - 2023-11-14 11:51:09 --> Duplicate entry 'walid.elouazizi@etudiant.univ-brest.fr' for key 'mail_UNIQUE'
in SYSTEMPATH/Database/BaseConnection.php on line 647.
 1 APPPATH/Models/Db_model.php(72): CodeIgniter\Database\BaseConnection->query()
 2 APPPATH/Controllers/Compte.php(57): App\Models\Db_model->set_compte()
 3 SYSTEMPATH/CodeIgniter.php(942): App\Controllers\Compte->creer()
 4 SYSTEMPATH/CodeIgniter.php(502): CodeIgniter\CodeIgniter->runController()
 5 SYSTEMPATH/CodeIgniter.php(361): CodeIgniter\CodeIgniter->handleRequest()
 6 FCPATH/index.php(79): CodeIgniter\CodeIgniter->run()
ERROR - 2023-11-14 11:51:49 --> mysqli_sql_exception: Duplicate entry 'walid.elouazizi@etudiant.univ-brest.fr' for key 'mail_UNIQUE' in /home/2023DIFAL3/e22000229/public_html/v1/ci/system/Database/MySQLi/Connection.php:306
Stack trace:
#0 /home/2023DIFAL3/e22000229/public_html/v1/ci/system/Database/MySQLi/Connection.php(306): mysqli->query()
#1 /home/2023DIFAL3/e22000229/public_html/v1/ci/system/Database/BaseConnection.php(693): CodeIgniter\Database\MySQLi\Connection->execute()
#2 /home/2023DIFAL3/e22000229/public_html/v1/ci/system/Database/BaseConnection.php(607): CodeIgniter\Database\BaseConnection->simpleQuery()
#3 /home/2023DIFAL3/e22000229/public_html/v1/ci/app/Models/Db_model.php(72): CodeIgniter\Database\BaseConnection->query()
#4 /home/2023DIFAL3/e22000229/public_html/v1/ci/app/Controllers/Compte.php(57): App\Models\Db_model->set_compte()
#5 /home/2023DIFAL3/e22000229/public_html/v1/ci/system/CodeIgniter.php(942): App\Controllers\Compte->creer()
#6 /home/2023DIFAL3/e22000229/public_html/v1/ci/system/CodeIgniter.php(502): CodeIgniter\CodeIgniter->runController()
#7 /home/2023DIFAL3/e22000229/public_html/v1/ci/system/CodeIgniter.php(361): CodeIgniter\CodeIgniter->handleRequest()
#8 /home/2023DIFAL3/e22000229/public_html/v1/ci/public/index.php(79): CodeIgniter\CodeIgniter->run()
#9 {main}
CRITICAL - 2023-11-14 11:51:49 --> Duplicate entry 'walid.elouazizi@etudiant.univ-brest.fr' for key 'mail_UNIQUE'
in SYSTEMPATH/Database/BaseConnection.php on line 647.
 1 APPPATH/Models/Db_model.php(72): CodeIgniter\Database\BaseConnection->query()
 2 APPPATH/Controllers/Compte.php(57): App\Models\Db_model->set_compte()
 3 SYSTEMPATH/CodeIgniter.php(942): App\Controllers\Compte->creer()
 4 SYSTEMPATH/CodeIgniter.php(502): CodeIgniter\CodeIgniter->runController()
 5 SYSTEMPATH/CodeIgniter.php(361): CodeIgniter\CodeIgniter->handleRequest()
 6 FCPATH/index.php(79): CodeIgniter\CodeIgniter->run()
CRITICAL - 2023-11-14 11:52:05 --> syntax error, unexpected '$e' (T_VARIABLE), expecting identifier (T_STRING) or namespace (T_NAMESPACE) or \\ (T_NS_SEPARATOR)
in APPPATH/Controllers/Compte.php on line 58.
 1 SYSTEMPATH/Autoloader/Autoloader.php(291): CodeIgniter\Autoloader\Autoloader->includeFile()
 2 SYSTEMPATH/Autoloader/Autoloader.php(269): CodeIgniter\Autoloader\Autoloader->loadInNamespace()
 3 [internal function]: CodeIgniter\Autoloader\Autoloader->loadClass()
 4 [internal function]: spl_autoload_call()
 5 SYSTEMPATH/CodeIgniter.php(900): class_exists()
 6 SYSTEMPATH/CodeIgniter.php(489): CodeIgniter\CodeIgniter->startController()
 7 SYSTEMPATH/CodeIgniter.php(361): CodeIgniter\CodeIgniter->handleRequest()
 8 FCPATH/index.php(79): CodeIgniter\CodeIgniter->run()
ERROR - 2023-11-14 11:52:25 --> mysqli_sql_exception: Duplicate entry 'walid.elouazizi@etudiant.univ-brest.fr' for key 'mail_UNIQUE' in /home/2023DIFAL3/e22000229/public_html/v1/ci/system/Database/MySQLi/Connection.php:306
Stack trace:
#0 /home/2023DIFAL3/e22000229/public_html/v1/ci/system/Database/MySQLi/Connection.php(306): mysqli->query()
#1 /home/2023DIFAL3/e22000229/public_html/v1/ci/system/Database/BaseConnection.php(693): CodeIgniter\Database\MySQLi\Connection->execute()
#2 /home/2023DIFAL3/e22000229/public_html/v1/ci/system/Database/BaseConnection.php(607): CodeIgniter\Database\BaseConnection->simpleQuery()
#3 /home/2023DIFAL3/e22000229/public_html/v1/ci/app/Models/Db_model.php(72): CodeIgniter\Database\BaseConnection->query()
#4 /home/2023DIFAL3/e22000229/public_html/v1/ci/app/Controllers/Compte.php(57): App\Models\Db_model->set_compte()
#5 /home/2023DIFAL3/e22000229/public_html/v1/ci/system/CodeIgniter.php(942): App\Controllers\Compte->creer()
#6 /home/2023DIFAL3/e22000229/public_html/v1/ci/system/CodeIgniter.php(502): CodeIgniter\CodeIgniter->runController()
#7 /home/2023DIFAL3/e22000229/public_html/v1/ci/system/CodeIgniter.php(361): CodeIgniter\CodeIgniter->handleRequest()
#8 /home/2023DIFAL3/e22000229/public_html/v1/ci/public/index.php(79): CodeIgniter\CodeIgniter->run()
#9 {main}
CRITICAL - 2023-11-14 11:52:25 --> Duplicate entry 'walid.elouazizi@etudiant.univ-brest.fr' for key 'mail_UNIQUE'
in SYSTEMPATH/Database/BaseConnection.php on line 647.
 1 APPPATH/Models/Db_model.php(72): CodeIgniter\Database\BaseConnection->query()
 2 APPPATH/Controllers/Compte.php(57): App\Models\Db_model->set_compte()
 3 SYSTEMPATH/CodeIgniter.php(942): App\Controllers\Compte->creer()
 4 SYSTEMPATH/CodeIgniter.php(502): CodeIgniter\CodeIgniter->runController()
 5 SYSTEMPATH/CodeIgniter.php(361): CodeIgniter\CodeIgniter->handleRequest()
 6 FCPATH/index.php(79): CodeIgniter\CodeIgniter->run()
CRITICAL - 2023-11-14 17:21:24 --> chmod() has been disabled for security reasons
in SYSTEMPATH/Session/Handlers/FileHandler.php on line 147.
 1 [internal function]: CodeIgniter\Debug\Exceptions->errorHandler()
 2 SYSTEMPATH/Session/Handlers/FileHandler.php(147): chmod()
 3 [internal function]: CodeIgniter\Session\Handlers\FileHandler->read()
 4 SYSTEMPATH/Session/Session.php(919): session_start()
 5 SYSTEMPATH/Session/Session.php(241): CodeIgniter\Session\Session->startSession()
 6 SYSTEMPATH/Config/Services.php(693): CodeIgniter\Session\Session->start()
 7 SYSTEMPATH/Config/BaseService.php(258): CodeIgniter\Config\Services::session()
 8 SYSTEMPATH/Config/BaseService.php(199): CodeIgniter\Config\BaseService::__callStatic()
 9 SYSTEMPATH/Config/Services.php(664): CodeIgniter\Config\BaseService::getSharedInstance()
10 SYSTEMPATH/Config/BaseService.php(258): CodeIgniter\Config\Services::session()
11 SYSTEMPATH/Common.php(996): CodeIgniter\Config\BaseService::__callStatic()
12 APPPATH/Views/compte/creer.php(1): session()
13 SYSTEMPATH/View/View.php(228): include('/home/2023DIFAL3/e22000229/public_html/v1/ci/app/Views/compte/creer.php')
14 SYSTEMPATH/View/View.php(231): CodeIgniter\View\View->CodeIgniter\View\{closure}()
15 SYSTEMPATH/Common.php(1190): CodeIgniter\View\View->render()
16 APPPATH/Controllers/Compte.php(68): view()
17 SYSTEMPATH/CodeIgniter.php(942): App\Controllers\Compte->creer()
18 SYSTEMPATH/CodeIgniter.php(502): CodeIgniter\CodeIgniter->runController()
19 SYSTEMPATH/CodeIgniter.php(361): CodeIgniter\CodeIgniter->handleRequest()
20 FCPATH/index.php(79): CodeIgniter\CodeIgniter->run()
INFO - 2023-11-14 17:21:28 --> Session: Class initialized using 'CodeIgniter\Session\Handlers\FileHandler' driver.
INFO - 2023-11-14 17:21:42 --> Session: Class initialized using 'CodeIgniter\Session\Handlers\FileHandler' driver.
CRITICAL - 2023-11-14 17:21:51 --> chmod() has been disabled for security reasons
in SYSTEMPATH/Session/Handlers/FileHandler.php on line 147.
 1 [internal function]: CodeIgniter\Debug\Exceptions->errorHandler()
 2 SYSTEMPATH/Session/Handlers/FileHandler.php(147): chmod()
 3 [internal function]: CodeIgniter\Session\Handlers\FileHandler->read()
 4 SYSTEMPATH/Session/Session.php(919): session_start()
 5 SYSTEMPATH/Session/Session.php(241): CodeIgniter\Session\Session->startSession()
 6 SYSTEMPATH/Config/Services.php(693): CodeIgniter\Session\Session->start()
 7 SYSTEMPATH/Config/BaseService.php(258): CodeIgniter\Config\Services::session()
 8 SYSTEMPATH/Config/BaseService.php(199): CodeIgniter\Config\BaseService::__callStatic()
 9 SYSTEMPATH/Config/Services.php(664): CodeIgniter\Config\BaseService::getSharedInstance()
10 SYSTEMPATH/Config/BaseService.php(258): CodeIgniter\Config\Services::session()
11 SYSTEMPATH/Common.php(996): CodeIgniter\Config\BaseService::__callStatic()
12 APPPATH/Views/compte/creer.php(1): session()
13 SYSTEMPATH/View/View.php(228): include('/home/2023DIFAL3/e22000229/public_html/v1/ci/app/Views/compte/creer.php')
14 SYSTEMPATH/View/View.php(231): CodeIgniter\View\View->CodeIgniter\View\{closure}()
15 SYSTEMPATH/Common.php(1190): CodeIgniter\View\View->render()
16 APPPATH/Controllers/Compte.php(68): view()
17 SYSTEMPATH/CodeIgniter.php(942): App\Controllers\Compte->creer()
18 SYSTEMPATH/CodeIgniter.php(502): CodeIgniter\CodeIgniter->runController()
19 SYSTEMPATH/CodeIgniter.php(361): CodeIgniter\CodeIgniter->handleRequest()
20 FCPATH/index.php(79): CodeIgniter\CodeIgniter->run()
INFO - 2023-11-14 17:22:22 --> Session: Class initialized using 'CodeIgniter\Session\Handlers\FileHandler' driver.
INFO - 2023-11-14 17:22:48 --> Session: Class initialized using 'CodeIgniter\Session\Handlers\FileHandler' driver.
INFO - 2023-11-14 17:23:21 --> Session: Class initialized using 'CodeIgniter\Session\Handlers\FileHandler' driver.
CRITICAL - 2023-11-14 20:26:44 --> chmod() has been disabled for security reasons
in SYSTEMPATH/Session/Handlers/FileHandler.php on line 147.
 1 [internal function]: CodeIgniter\Debug\Exceptions->errorHandler()
 2 SYSTEMPATH/Session/Handlers/FileHandler.php(147): chmod()
 3 [internal function]: CodeIgniter\Session\Handlers\FileHandler->read()
 4 SYSTEMPATH/Session/Session.php(919): session_start()
 5 SYSTEMPATH/Session/Session.php(241): CodeIgniter\Session\Session->startSession()
 6 SYSTEMPATH/Config/Services.php(693): CodeIgniter\Session\Session->start()
 7 SYSTEMPATH/Config/BaseService.php(258): CodeIgniter\Config\Services::session()
 8 SYSTEMPATH/Config/BaseService.php(199): CodeIgniter\Config\BaseService::__callStatic()
 9 SYSTEMPATH/Config/Services.php(664): CodeIgniter\Config\BaseService::getSharedInstance()
10 SYSTEMPATH/Config/BaseService.php(258): CodeIgniter\Config\Services::session()
11 SYSTEMPATH/Common.php(996): CodeIgniter\Config\BaseService::__callStatic()
12 APPPATH/Views/compte/creer.php(1): session()
13 SYSTEMPATH/View/View.php(228): include('/home/2023DIFAL3/e22000229/public_html/v1/ci/app/Views/compte/creer.php')
14 SYSTEMPATH/View/View.php(231): CodeIgniter\View\View->CodeIgniter\View\{closure}()
15 SYSTEMPATH/Common.php(1190): CodeIgniter\View\View->render()
16 APPPATH/Controllers/Compte.php(67): view()
17 SYSTEMPATH/CodeIgniter.php(942): App\Controllers\Compte->creer()
18 SYSTEMPATH/CodeIgniter.php(502): CodeIgniter\CodeIgniter->runController()
19 SYSTEMPATH/CodeIgniter.php(361): CodeIgniter\CodeIgniter->handleRequest()
20 FCPATH/index.php(79): CodeIgniter\CodeIgniter->run()
INFO - 2023-11-14 20:26:45 --> Session: Class initialized using 'CodeIgniter\Session\Handlers\FileHandler' driver.
INFO - 2023-11-14 20:31:28 --> Session: Class initialized using 'CodeIgniter\Session\Handlers\FileHandler' driver.
INFO - 2023-11-14 20:31:38 --> Session: Class initialized using 'CodeIgniter\Session\Handlers\FileHandler' driver.
CRITICAL - 2023-11-14 20:38:20 --> Too few arguments to function url_to(), 0 passed in /home/2023DIFAL3/e22000229/public_html/v1/ci/app/Views/compte/affichage_comptes.php on line 2 and exactly 1 expected
in SYSTEMPATH/Helpers/url_helper.php on line 480.
 1 APPPATH/Views/compte/affichage_comptes.php(2): url_to()
 2 SYSTEMPATH/View/View.php(228): include('/home/2023DIFAL3/e22000229/public_html/v1/ci/app/Views/compte/affichage_comptes.php')
 3 SYSTEMPATH/View/View.php(231): CodeIgniter\View\View->CodeIgniter\View\{closure}()
 4 SYSTEMPATH/Common.php(1190): CodeIgniter\View\View->render()
 5 APPPATH/Controllers/Compte.php(75): view()
 6 SYSTEMPATH/CodeIgniter.php(942): App\Controllers\Compte->lister()
 7 SYSTEMPATH/CodeIgniter.php(502): CodeIgniter\CodeIgniter->runController()
 8 SYSTEMPATH/CodeIgniter.php(361): CodeIgniter\CodeIgniter->handleRequest()
 9 FCPATH/index.php(79): CodeIgniter\CodeIgniter->run()
CRITICAL - 2023-11-14 20:42:40 --> Failed to create(read) session ID: user (path: /home/2023DIFAL3/e22000229/public_html/v1/ci/writable/session)
in SYSTEMPATH/Session/Session.php on line 400.
 1 SYSTEMPATH/Session/Session.php(400): session_regenerate_id()
 2 SYSTEMPATH/Session/Session.php(250): CodeIgniter\Session\Session->regenerate()
 3 SYSTEMPATH/Config/Services.php(693): CodeIgniter\Session\Session->start()
 4 SYSTEMPATH/Config/BaseService.php(258): CodeIgniter\Config\Services::session()
 5 SYSTEMPATH/Config/BaseService.php(199): CodeIgniter\Config\BaseService::__callStatic()
 6 SYSTEMPATH/Config/Services.php(664): CodeIgniter\Config\BaseService::getSharedInstance()
 7 SYSTEMPATH/Config/BaseService.php(258): CodeIgniter\Config\Services::session()
 8 SYSTEMPATH/Common.php(996): CodeIgniter\Config\BaseService::__callStatic()
 9 APPPATH/Views/compte/creer.php(1): session()
10 SYSTEMPATH/View/View.php(228): include('/home/2023DIFAL3/e22000229/public_html/v1/ci/app/Views/compte/creer.php')
11 SYSTEMPATH/View/View.php(231): CodeIgniter\View\View->CodeIgniter\View\{closure}()
12 SYSTEMPATH/Common.php(1190): CodeIgniter\View\View->render()
13 APPPATH/Controllers/Compte.php(67): view()
14 SYSTEMPATH/CodeIgniter.php(942): App\Controllers\Compte->creer()
15 SYSTEMPATH/CodeIgniter.php(502): CodeIgniter\CodeIgniter->runController()
16 SYSTEMPATH/CodeIgniter.php(361): CodeIgniter\CodeIgniter->handleRequest()
17 FCPATH/index.php(79): CodeIgniter\CodeIgniter->run()
INFO - 2023-11-14 20:42:44 --> Session: Class initialized using 'CodeIgniter\Session\Handlers\FileHandler' driver.
CRITICAL - 2023-11-14 20:49:02 --> Failed to create(read) session ID: user (path: /home/2023DIFAL3/e22000229/public_html/v1/ci/writable/session)
in SYSTEMPATH/Session/Session.php on line 400.
 1 SYSTEMPATH/Session/Session.php(400): session_regenerate_id()
 2 SYSTEMPATH/Session/Session.php(250): CodeIgniter\Session\Session->regenerate()
 3 SYSTEMPATH/Config/Services.php(693): CodeIgniter\Session\Session->start()
 4 SYSTEMPATH/Config/BaseService.php(258): CodeIgniter\Config\Services::session()
 5 SYSTEMPATH/Config/BaseService.php(199): CodeIgniter\Config\BaseService::__callStatic()
 6 SYSTEMPATH/Config/Services.php(664): CodeIgniter\Config\BaseService::getSharedInstance()
 7 SYSTEMPATH/Config/BaseService.php(258): CodeIgniter\Config\Services::session()
 8 SYSTEMPATH/Common.php(996): CodeIgniter\Config\BaseService::__callStatic()
 9 APPPATH/Views/compte/creer.php(1): session()
10 SYSTEMPATH/View/View.php(228): include('/home/2023DIFAL3/e22000229/public_html/v1/ci/app/Views/compte/creer.php')
11 SYSTEMPATH/View/View.php(231): CodeIgniter\View\View->CodeIgniter\View\{closure}()
12 SYSTEMPATH/Common.php(1190): CodeIgniter\View\View->render()
13 APPPATH/Controllers/Compte.php(67): view()
14 SYSTEMPATH/CodeIgniter.php(942): App\Controllers\Compte->creer()
15 SYSTEMPATH/CodeIgniter.php(502): CodeIgniter\CodeIgniter->runController()
16 SYSTEMPATH/CodeIgniter.php(361): CodeIgniter\CodeIgniter->handleRequest()
17 FCPATH/index.php(79): CodeIgniter\CodeIgniter->run()
INFO - 2023-11-14 20:49:05 --> Session: Class initialized using 'CodeIgniter\Session\Handlers\FileHandler' driver.
CRITICAL - 2023-11-14 21:06:30 --> Failed to create(read) session ID: user (path: /home/2023DIFAL3/e22000229/public_html/v1/ci/writable/session)
in SYSTEMPATH/Session/Session.php on line 400.
 1 SYSTEMPATH/Session/Session.php(400): session_regenerate_id()
 2 SYSTEMPATH/Session/Session.php(250): CodeIgniter\Session\Session->regenerate()
 3 SYSTEMPATH/Config/Services.php(693): CodeIgniter\Session\Session->start()
 4 SYSTEMPATH/Config/BaseService.php(258): CodeIgniter\Config\Services::session()
 5 SYSTEMPATH/Config/BaseService.php(199): CodeIgniter\Config\BaseService::__callStatic()
 6 SYSTEMPATH/Config/Services.php(664): CodeIgniter\Config\BaseService::getSharedInstance()
 7 SYSTEMPATH/Config/BaseService.php(258): CodeIgniter\Config\Services::session()
 8 SYSTEMPATH/Common.php(996): CodeIgniter\Config\BaseService::__callStatic()
 9 APPPATH/Views/compte/creer.php(1): session()
10 SYSTEMPATH/View/View.php(228): include('/home/2023DIFAL3/e22000229/public_html/v1/ci/app/Views/compte/creer.php')
11 SYSTEMPATH/View/View.php(231): CodeIgniter\View\View->CodeIgniter\View\{closure}()
12 SYSTEMPATH/Common.php(1190): CodeIgniter\View\View->render()
13 APPPATH/Controllers/Compte.php(67): view()
14 SYSTEMPATH/CodeIgniter.php(942): App\Controllers\Compte->creer()
15 SYSTEMPATH/CodeIgniter.php(502): CodeIgniter\CodeIgniter->runController()
16 SYSTEMPATH/CodeIgniter.php(361): CodeIgniter\CodeIgniter->handleRequest()
17 FCPATH/index.php(79): CodeIgniter\CodeIgniter->run()
INFO - 2023-11-14 21:06:31 --> Session: Class initialized using 'CodeIgniter\Session\Handlers\FileHandler' driver.
ERROR - 2023-11-14 21:06:51 --> mysqli_sql_exception: Duplicate entry 'Waldo' for key 'pseudo_UNIQUE' in /home/2023DIFAL3/e22000229/public_html/v1/ci/system/Database/MySQLi/Connection.php:306
Stack trace:
#0 /home/2023DIFAL3/e22000229/public_html/v1/ci/system/Database/MySQLi/Connection.php(306): mysqli->query()
#1 /home/2023DIFAL3/e22000229/public_html/v1/ci/system/Database/BaseConnection.php(693): CodeIgniter\Database\MySQLi\Connection->execute()
#2 /home/2023DIFAL3/e22000229/public_html/v1/ci/system/Database/BaseConnection.php(607): CodeIgniter\Database\BaseConnection->simpleQuery()
#3 /home/2023DIFAL3/e22000229/public_html/v1/ci/app/Models/Db_model.php(72): CodeIgniter\Database\BaseConnection->query()
#4 /home/2023DIFAL3/e22000229/public_html/v1/ci/app/Controllers/Compte.php(57): App\Models\Db_model->set_compte()
#5 /home/2023DIFAL3/e22000229/public_html/v1/ci/system/CodeIgniter.php(942): App\Controllers\Compte->creer()
#6 /home/2023DIFAL3/e22000229/public_html/v1/ci/system/CodeIgniter.php(502): CodeIgniter\CodeIgniter->runController()
#7 /home/2023DIFAL3/e22000229/public_html/v1/ci/system/CodeIgniter.php(361): CodeIgniter\CodeIgniter->handleRequest()
#8 /home/2023DIFAL3/e22000229/public_html/v1/ci/public/index.php(79): CodeIgniter\CodeIgniter->run()
#9 {main}
CRITICAL - 2023-11-14 21:06:51 --> Duplicate entry 'Waldo' for key 'pseudo_UNIQUE'
in SYSTEMPATH/Database/BaseConnection.php on line 647.
 1 APPPATH/Models/Db_model.php(72): CodeIgniter\Database\BaseConnection->query()
 2 APPPATH/Controllers/Compte.php(57): App\Models\Db_model->set_compte()
 3 SYSTEMPATH/CodeIgniter.php(942): App\Controllers\Compte->creer()
 4 SYSTEMPATH/CodeIgniter.php(502): CodeIgniter\CodeIgniter->runController()
 5 SYSTEMPATH/CodeIgniter.php(361): CodeIgniter\CodeIgniter->handleRequest()
 6 FCPATH/index.php(79): CodeIgniter\CodeIgniter->run()
ERROR - 2023-11-14 21:11:32 --> mysqli_sql_exception: Duplicate entry 'Waldo' for key 'pseudo_UNIQUE' in /home/2023DIFAL3/e22000229/public_html/v1/ci/system/Database/MySQLi/Connection.php:306
Stack trace:
#0 /home/2023DIFAL3/e22000229/public_html/v1/ci/system/Database/MySQLi/Connection.php(306): mysqli->query()
#1 /home/2023DIFAL3/e22000229/public_html/v1/ci/system/Database/BaseConnection.php(693): CodeIgniter\Database\MySQLi\Connection->execute()
#2 /home/2023DIFAL3/e22000229/public_html/v1/ci/system/Database/BaseConnection.php(607): CodeIgniter\Database\BaseConnection->simpleQuery()
#3 /home/2023DIFAL3/e22000229/public_html/v1/ci/app/Models/Db_model.php(72): CodeIgniter\Database\BaseConnection->query()
#4 /home/2023DIFAL3/e22000229/public_html/v1/ci/app/Controllers/Compte.php(56): App\Models\Db_model->set_compte()
#5 /home/2023DIFAL3/e22000229/public_html/v1/ci/system/CodeIgniter.php(942): App\Controllers\Compte->creer()
#6 /home/2023DIFAL3/e22000229/public_html/v1/ci/system/CodeIgniter.php(502): CodeIgniter\CodeIgniter->runController()
#7 /home/2023DIFAL3/e22000229/public_html/v1/ci/system/CodeIgniter.php(361): CodeIgniter\CodeIgniter->handleRequest()
#8 /home/2023DIFAL3/e22000229/public_html/v1/ci/public/index.php(79): CodeIgniter\CodeIgniter->run()
#9 {main}
CRITICAL - 2023-11-14 21:11:33 --> Duplicate entry 'Waldo' for key 'pseudo_UNIQUE'
in SYSTEMPATH/Database/BaseConnection.php on line 647.
 1 APPPATH/Models/Db_model.php(72): CodeIgniter\Database\BaseConnection->query()
 2 APPPATH/Controllers/Compte.php(56): App\Models\Db_model->set_compte()
 3 SYSTEMPATH/CodeIgniter.php(942): App\Controllers\Compte->creer()
 4 SYSTEMPATH/CodeIgniter.php(502): CodeIgniter\CodeIgniter->runController()
 5 SYSTEMPATH/CodeIgniter.php(361): CodeIgniter\CodeIgniter->handleRequest()
 6 FCPATH/index.php(79): CodeIgniter\CodeIgniter->run()
ERROR - 2023-11-14 21:15:31 --> mysqli_sql_exception: Duplicate entry 'Waldo' for key 'pseudo_UNIQUE' in /home/2023DIFAL3/e22000229/public_html/v1/ci/system/Database/MySQLi/Connection.php:306
Stack trace:
#0 /home/2023DIFAL3/e22000229/public_html/v1/ci/system/Database/MySQLi/Connection.php(306): mysqli->query()
#1 /home/2023DIFAL3/e22000229/public_html/v1/ci/system/Database/BaseConnection.php(693): CodeIgniter\Database\MySQLi\Connection->execute()
#2 /home/2023DIFAL3/e22000229/public_html/v1/ci/system/Database/BaseConnection.php(607): CodeIgniter\Database\BaseConnection->simpleQuery()
#3 /home/2023DIFAL3/e22000229/public_html/v1/ci/app/Models/Db_model.php(72): CodeIgniter\Database\BaseConnection->query()
#4 /home/2023DIFAL3/e22000229/public_html/v1/ci/app/Controllers/Compte.php(57): App\Models\Db_model->set_compte()
#5 /home/2023DIFAL3/e22000229/public_html/v1/ci/system/CodeIgniter.php(942): App\Controllers\Compte->creer()
#6 /home/2023DIFAL3/e22000229/public_html/v1/ci/system/CodeIgniter.php(502): CodeIgniter\CodeIgniter->runController()
#7 /home/2023DIFAL3/e22000229/public_html/v1/ci/system/CodeIgniter.php(361): CodeIgniter\CodeIgniter->handleRequest()
#8 /home/2023DIFAL3/e22000229/public_html/v1/ci/public/index.php(79): CodeIgniter\CodeIgniter->run()
#9 {main}
ERROR - 2023-11-14 21:15:57 --> mysqli_sql_exception: Duplicate entry 'Waldo' for key 'pseudo_UNIQUE' in /home/2023DIFAL3/e22000229/public_html/v1/ci/system/Database/MySQLi/Connection.php:306
Stack trace:
#0 /home/2023DIFAL3/e22000229/public_html/v1/ci/system/Database/MySQLi/Connection.php(306): mysqli->query()
#1 /home/2023DIFAL3/e22000229/public_html/v1/ci/system/Database/BaseConnection.php(693): CodeIgniter\Database\MySQLi\Connection->execute()
#2 /home/2023DIFAL3/e22000229/public_html/v1/ci/system/Database/BaseConnection.php(607): CodeIgniter\Database\BaseConnection->simpleQuery()
#3 /home/2023DIFAL3/e22000229/public_html/v1/ci/app/Models/Db_model.php(72): CodeIgniter\Database\BaseConnection->query()
#4 /home/2023DIFAL3/e22000229/public_html/v1/ci/app/Controllers/Compte.php(57): App\Models\Db_model->set_compte()
#5 /home/2023DIFAL3/e22000229/public_html/v1/ci/system/CodeIgniter.php(942): App\Controllers\Compte->creer()
#6 /home/2023DIFAL3/e22000229/public_html/v1/ci/system/CodeIgniter.php(502): CodeIgniter\CodeIgniter->runController()
#7 /home/2023DIFAL3/e22000229/public_html/v1/ci/system/CodeIgniter.php(361): CodeIgniter\CodeIgniter->handleRequest()
#8 /home/2023DIFAL3/e22000229/public_html/v1/ci/public/index.php(79): CodeIgniter\CodeIgniter->run()
#9 {main}
ERROR - 2023-11-14 21:17:39 --> mysqli_sql_exception: Duplicate entry 'Waldo' for key 'pseudo_UNIQUE' in /home/2023DIFAL3/e22000229/public_html/v1/ci/system/Database/MySQLi/Connection.php:306
Stack trace:
#0 /home/2023DIFAL3/e22000229/public_html/v1/ci/system/Database/MySQLi/Connection.php(306): mysqli->query()
#1 /home/2023DIFAL3/e22000229/public_html/v1/ci/system/Database/BaseConnection.php(693): CodeIgniter\Database\MySQLi\Connection->execute()
#2 /home/2023DIFAL3/e22000229/public_html/v1/ci/system/Database/BaseConnection.php(607): CodeIgniter\Database\BaseConnection->simpleQuery()
#3 /home/2023DIFAL3/e22000229/public_html/v1/ci/app/Models/Db_model.php(72): CodeIgniter\Database\BaseConnection->query()
#4 /home/2023DIFAL3/e22000229/public_html/v1/ci/app/Controllers/Compte.php(57): App\Models\Db_model->set_compte()
#5 /home/2023DIFAL3/e22000229/public_html/v1/ci/system/CodeIgniter.php(942): App\Controllers\Compte->creer()
#6 /home/2023DIFAL3/e22000229/public_html/v1/ci/system/CodeIgniter.php(502): CodeIgniter\CodeIgniter->runController()
#7 /home/2023DIFAL3/e22000229/public_html/v1/ci/system/CodeIgniter.php(361): CodeIgniter\CodeIgniter->handleRequest()
#8 /home/2023DIFAL3/e22000229/public_html/v1/ci/public/index.php(79): CodeIgniter\CodeIgniter->run()
#9 {main}
CRITICAL - 2023-11-14 21:17:39 --> Failed to create(read) session ID: user (path: /home/2023DIFAL3/e22000229/public_html/v1/ci/writable/session)
in SYSTEMPATH/Session/Session.php on line 400.
 1 SYSTEMPATH/Session/Session.php(400): session_regenerate_id()
 2 SYSTEMPATH/Session/Session.php(250): CodeIgniter\Session\Session->regenerate()
 3 SYSTEMPATH/Config/Services.php(693): CodeIgniter\Session\Session->start()
 4 SYSTEMPATH/Config/BaseService.php(258): CodeIgniter\Config\Services::session()
 5 SYSTEMPATH/Config/BaseService.php(199): CodeIgniter\Config\BaseService::__callStatic()
 6 SYSTEMPATH/Config/Services.php(664): CodeIgniter\Config\BaseService::getSharedInstance()
 7 SYSTEMPATH/Config/BaseService.php(258): CodeIgniter\Config\Services::session()
 8 SYSTEMPATH/Common.php(996): CodeIgniter\Config\BaseService::__callStatic()
 9 APPPATH/Controllers/Compte.php(60): session()
10 SYSTEMPATH/CodeIgniter.php(942): App\Controllers\Compte->creer()
11 SYSTEMPATH/CodeIgniter.php(502): CodeIgniter\CodeIgniter->runController()
12 SYSTEMPATH/CodeIgniter.php(361): CodeIgniter\CodeIgniter->handleRequest()
13 FCPATH/index.php(79): CodeIgniter\CodeIgniter->run()
ERROR - 2023-11-14 21:17:42 --> mysqli_sql_exception: Duplicate entry 'Waldo' for key 'pseudo_UNIQUE' in /home/2023DIFAL3/e22000229/public_html/v1/ci/system/Database/MySQLi/Connection.php:306
Stack trace:
#0 /home/2023DIFAL3/e22000229/public_html/v1/ci/system/Database/MySQLi/Connection.php(306): mysqli->query()
#1 /home/2023DIFAL3/e22000229/public_html/v1/ci/system/Database/BaseConnection.php(693): CodeIgniter\Database\MySQLi\Connection->execute()
#2 /home/2023DIFAL3/e22000229/public_html/v1/ci/system/Database/BaseConnection.php(607): CodeIgniter\Database\BaseConnection->simpleQuery()
#3 /home/2023DIFAL3/e22000229/public_html/v1/ci/app/Models/Db_model.php(72): CodeIgniter\Database\BaseConnection->query()
#4 /home/2023DIFAL3/e22000229/public_html/v1/ci/app/Controllers/Compte.php(57): App\Models\Db_model->set_compte()
#5 /home/2023DIFAL3/e22000229/public_html/v1/ci/system/CodeIgniter.php(942): App\Controllers\Compte->creer()
#6 /home/2023DIFAL3/e22000229/public_html/v1/ci/system/CodeIgniter.php(502): CodeIgniter\CodeIgniter->runController()
#7 /home/2023DIFAL3/e22000229/public_html/v1/ci/system/CodeIgniter.php(361): CodeIgniter\CodeIgniter->handleRequest()
#8 /home/2023DIFAL3/e22000229/public_html/v1/ci/public/index.php(79): CodeIgniter\CodeIgniter->run()
#9 {main}
INFO - 2023-11-14 21:17:42 --> Session: Class initialized using 'CodeIgniter\Session\Handlers\FileHandler' driver.
CRITICAL - 2023-11-14 21:17:42 --> Call to undefined function App\Controllers\utl_to()
in APPPATH/Controllers/Compte.php on line 61.
 1 SYSTEMPATH/CodeIgniter.php(942): App\Controllers\Compte->creer()
 2 SYSTEMPATH/CodeIgniter.php(502): CodeIgniter\CodeIgniter->runController()
 3 SYSTEMPATH/CodeIgniter.php(361): CodeIgniter\CodeIgniter->handleRequest()
 4 FCPATH/index.php(79): CodeIgniter\CodeIgniter->run()
ERROR - 2023-11-14 21:18:08 --> mysqli_sql_exception: Duplicate entry 'Waldo' for key 'pseudo_UNIQUE' in /home/2023DIFAL3/e22000229/public_html/v1/ci/system/Database/MySQLi/Connection.php:306
Stack trace:
#0 /home/2023DIFAL3/e22000229/public_html/v1/ci/system/Database/MySQLi/Connection.php(306): mysqli->query()
#1 /home/2023DIFAL3/e22000229/public_html/v1/ci/system/Database/BaseConnection.php(693): CodeIgniter\Database\MySQLi\Connection->execute()
#2 /home/2023DIFAL3/e22000229/public_html/v1/ci/system/Database/BaseConnection.php(607): CodeIgniter\Database\BaseConnection->simpleQuery()
#3 /home/2023DIFAL3/e22000229/public_html/v1/ci/app/Models/Db_model.php(72): CodeIgniter\Database\BaseConnection->query()
#4 /home/2023DIFAL3/e22000229/public_html/v1/ci/app/Controllers/Compte.php(57): App\Models\Db_model->set_compte()
#5 /home/2023DIFAL3/e22000229/public_html/v1/ci/system/CodeIgniter.php(942): App\Controllers\Compte->creer()
#6 /home/2023DIFAL3/e22000229/public_html/v1/ci/system/CodeIgniter.php(502): CodeIgniter\CodeIgniter->runController()
#7 /home/2023DIFAL3/e22000229/public_html/v1/ci/system/CodeIgniter.php(361): CodeIgniter\CodeIgniter->handleRequest()
#8 /home/2023DIFAL3/e22000229/public_html/v1/ci/public/index.php(79): CodeIgniter\CodeIgniter->run()
#9 {main}
INFO - 2023-11-14 21:18:08 --> Session: Class initialized using 'CodeIgniter\Session\Handlers\FileHandler' driver.
INFO - 2023-11-14 21:18:08 --> Session: Class initialized using 'CodeIgniter\Session\Handlers\FileHandler' driver.
INFO - 2023-11-14 21:19:32 --> Session: Class initialized using 'CodeIgniter\Session\Handlers\FileHandler' driver.
INFO - 2023-11-14 21:20:34 --> Session: Class initialized using 'CodeIgniter\Session\Handlers\FileHandler' driver.
INFO - 2023-11-14 21:20:44 --> Session: Class initialized using 'CodeIgniter\Session\Handlers\FileHandler' driver.
INFO - 2023-11-14 21:20:53 --> Session: Class initialized using 'CodeIgniter\Session\Handlers\FileHandler' driver.
INFO - 2023-11-14 21:21:11 --> Session: Class initialized using 'CodeIgniter\Session\Handlers\FileHandler' driver.
INFO - 2023-11-14 21:21:13 --> Session: Class initialized using 'CodeIgniter\Session\Handlers\FileHandler' driver.
ERROR - 2023-11-14 21:21:40 --> mysqli_sql_exception: Duplicate entry 'Waldo' for key 'pseudo_UNIQUE' in /home/2023DIFAL3/e22000229/public_html/v1/ci/system/Database/MySQLi/Connection.php:306
Stack trace:
#0 /home/2023DIFAL3/e22000229/public_html/v1/ci/system/Database/MySQLi/Connection.php(306): mysqli->query()
#1 /home/2023DIFAL3/e22000229/public_html/v1/ci/system/Database/BaseConnection.php(693): CodeIgniter\Database\MySQLi\Connection->execute()
#2 /home/2023DIFAL3/e22000229/public_html/v1/ci/system/Database/BaseConnection.php(607): CodeIgniter\Database\BaseConnection->simpleQuery()
#3 /home/2023DIFAL3/e22000229/public_html/v1/ci/app/Models/Db_model.php(72): CodeIgniter\Database\BaseConnection->query()
#4 /home/2023DIFAL3/e22000229/public_html/v1/ci/app/Controllers/Compte.php(57): App\Models\Db_model->set_compte()
#5 /home/2023DIFAL3/e22000229/public_html/v1/ci/system/CodeIgniter.php(942): App\Controllers\Compte->creer()
#6 /home/2023DIFAL3/e22000229/public_html/v1/ci/system/CodeIgniter.php(502): CodeIgniter\CodeIgniter->runController()
#7 /home/2023DIFAL3/e22000229/public_html/v1/ci/system/CodeIgniter.php(361): CodeIgniter\CodeIgniter->handleRequest()
#8 /home/2023DIFAL3/e22000229/public_html/v1/ci/public/index.php(79): CodeIgniter\CodeIgniter->run()
#9 {main}
INFO - 2023-11-14 21:21:40 --> Session: Class initialized using 'CodeIgniter\Session\Handlers\FileHandler' driver.
INFO - 2023-11-14 21:21:40 --> Session: Class initialized using 'CodeIgniter\Session\Handlers\FileHandler' driver.
INFO - 2023-11-14 21:22:23 --> Session: Class initialized using 'CodeIgniter\Session\Handlers\FileHandler' driver.
CRITICAL - 2023-11-14 21:22:58 --> Failed to create(read) session ID: user (path: /home/2023DIFAL3/e22000229/public_html/v1/ci/writable/session)
in SYSTEMPATH/Session/Session.php on line 400.
 1 SYSTEMPATH/Session/Session.php(400): session_regenerate_id()
 2 SYSTEMPATH/Session/Session.php(250): CodeIgniter\Session\Session->regenerate()
 3 SYSTEMPATH/Config/Services.php(693): CodeIgniter\Session\Session->start()
 4 SYSTEMPATH/Config/BaseService.php(258): CodeIgniter\Config\Services::session()
 5 SYSTEMPATH/Config/BaseService.php(199): CodeIgniter\Config\BaseService::__callStatic()
 6 SYSTEMPATH/Config/Services.php(664): CodeIgniter\Config\BaseService::getSharedInstance()
 7 SYSTEMPATH/Config/BaseService.php(258): CodeIgniter\Config\Services::session()
 8 SYSTEMPATH/Common.php(996): CodeIgniter\Config\BaseService::__callStatic()
 9 APPPATH/Views/compte/creer.php(1): session()
10 SYSTEMPATH/View/View.php(228): include('/home/2023DIFAL3/e22000229/public_html/v1/ci/app/Views/compte/creer.php')
11 SYSTEMPATH/View/View.php(231): CodeIgniter\View\View->CodeIgniter\View\{closure}()
12 SYSTEMPATH/Common.php(1190): CodeIgniter\View\View->render()
13 APPPATH/Controllers/Compte.php(68): view()
14 SYSTEMPATH/CodeIgniter.php(942): App\Controllers\Compte->creer()
15 SYSTEMPATH/CodeIgniter.php(502): CodeIgniter\CodeIgniter->runController()
16 SYSTEMPATH/CodeIgniter.php(361): CodeIgniter\CodeIgniter->handleRequest()
17 FCPATH/index.php(79): CodeIgniter\CodeIgniter->run()
INFO - 2023-11-14 21:23:01 --> Session: Class initialized using 'CodeIgniter\Session\Handlers\FileHandler' driver.
INFO - 2023-11-14 21:23:18 --> Session: Class initialized using 'CodeIgniter\Session\Handlers\FileHandler' driver.
INFO - 2023-11-14 21:23:35 --> Session: Class initialized using 'CodeIgniter\Session\Handlers\FileHandler' driver.
INFO - 2023-11-14 21:23:35 --> Session: Class initialized using 'CodeIgniter\Session\Handlers\FileHandler' driver.
INFO - 2023-11-14 21:23:54 --> Session: Class initialized using 'CodeIgniter\Session\Handlers\FileHandler' driver.
INFO - 2023-11-14 21:24:27 --> Session: Class initialized using 'CodeIgniter\Session\Handlers\FileHandler' driver.
INFO - 2023-11-14 21:24:42 --> Session: Class initialized using 'CodeIgniter\Session\Handlers\FileHandler' driver.
INFO - 2023-11-14 21:25:03 --> Session: Class initialized using 'CodeIgniter\Session\Handlers\FileHandler' driver.
INFO - 2023-11-14 21:25:03 --> Session: Class initialized using 'CodeIgniter\Session\Handlers\FileHandler' driver.
CRITICAL - 2023-11-14 21:57:13 --> syntax error, unexpected ''regex_match'' (T_CONSTANT_ENCAPSED_STRING), expecting ']'
in APPPATH/Controllers/Compte.php on line 42.
 1 SYSTEMPATH/Autoloader/Autoloader.php(291): CodeIgniter\Autoloader\Autoloader->includeFile()
 2 SYSTEMPATH/Autoloader/Autoloader.php(269): CodeIgniter\Autoloader\Autoloader->loadInNamespace()
 3 [internal function]: CodeIgniter\Autoloader\Autoloader->loadClass()
 4 [internal function]: spl_autoload_call()
 5 SYSTEMPATH/CodeIgniter.php(900): class_exists()
 6 SYSTEMPATH/CodeIgniter.php(489): CodeIgniter\CodeIgniter->startController()
 7 SYSTEMPATH/CodeIgniter.php(361): CodeIgniter\CodeIgniter->handleRequest()
 8 FCPATH/index.php(79): CodeIgniter\CodeIgniter->run()
CRITICAL - 2023-11-14 21:57:33 --> Failed to create(read) session ID: user (path: /home/2023DIFAL3/e22000229/public_html/v1/ci/writable/session)
in SYSTEMPATH/Session/Session.php on line 400.
 1 SYSTEMPATH/Session/Session.php(400): session_regenerate_id()
 2 SYSTEMPATH/Session/Session.php(250): CodeIgniter\Session\Session->regenerate()
 3 SYSTEMPATH/Config/Services.php(693): CodeIgniter\Session\Session->start()
 4 SYSTEMPATH/Config/BaseService.php(258): CodeIgniter\Config\Services::session()
 5 SYSTEMPATH/Config/BaseService.php(199): CodeIgniter\Config\BaseService::__callStatic()
 6 SYSTEMPATH/Config/Services.php(664): CodeIgniter\Config\BaseService::getSharedInstance()
 7 SYSTEMPATH/Config/BaseService.php(258): CodeIgniter\Config\Services::session()
 8 SYSTEMPATH/Common.php(996): CodeIgniter\Config\BaseService::__callStatic()
 9 APPPATH/Views/compte/creer.php(1): session()
10 SYSTEMPATH/View/View.php(228): include('/home/2023DIFAL3/e22000229/public_html/v1/ci/app/Views/compte/creer.php')
11 SYSTEMPATH/View/View.php(231): CodeIgniter\View\View->CodeIgniter\View\{closure}()
12 SYSTEMPATH/Common.php(1190): CodeIgniter\View\View->render()
13 APPPATH/Controllers/Compte.php(65): view()
14 SYSTEMPATH/CodeIgniter.php(942): App\Controllers\Compte->creer()
15 SYSTEMPATH/CodeIgniter.php(502): CodeIgniter\CodeIgniter->runController()
16 SYSTEMPATH/CodeIgniter.php(361): CodeIgniter\CodeIgniter->handleRequest()
17 FCPATH/index.php(79): CodeIgniter\CodeIgniter->run()
INFO - 2023-11-14 21:57:35 --> Session: Class initialized using 'CodeIgniter\Session\Handlers\FileHandler' driver.
CRITICAL - 2023-11-14 21:57:52 --> chmod() has been disabled for security reasons
in SYSTEMPATH/Session/Handlers/FileHandler.php on line 147.
 1 [internal function]: CodeIgniter\Debug\Exceptions->errorHandler()
 2 SYSTEMPATH/Session/Handlers/FileHandler.php(147): chmod()
 3 [internal function]: CodeIgniter\Session\Handlers\FileHandler->read()
 4 SYSTEMPATH/Session/Session.php(919): session_start()
 5 SYSTEMPATH/Session/Session.php(241): CodeIgniter\Session\Session->startSession()
 6 SYSTEMPATH/Config/Services.php(693): CodeIgniter\Session\Session->start()
 7 SYSTEMPATH/Config/BaseService.php(258): CodeIgniter\Config\Services::session()
 8 SYSTEMPATH/Config/BaseService.php(199): CodeIgniter\Config\BaseService::__callStatic()
 9 SYSTEMPATH/Config/Services.php(664): CodeIgniter\Config\BaseService::getSharedInstance()
10 SYSTEMPATH/Config/BaseService.php(258): CodeIgniter\Config\Services::session()
11 SYSTEMPATH/Common.php(996): CodeIgniter\Config\BaseService::__callStatic()
12 APPPATH/Views/compte/creer.php(1): session()
13 SYSTEMPATH/View/View.php(228): include('/home/2023DIFAL3/e22000229/public_html/v1/ci/app/Views/compte/creer.php')
14 SYSTEMPATH/View/View.php(231): CodeIgniter\View\View->CodeIgniter\View\{closure}()
15 SYSTEMPATH/Common.php(1190): CodeIgniter\View\View->render()
16 APPPATH/Controllers/Compte.php(65): view()
17 SYSTEMPATH/CodeIgniter.php(942): App\Controllers\Compte->creer()
18 SYSTEMPATH/CodeIgniter.php(502): CodeIgniter\CodeIgniter->runController()
19 SYSTEMPATH/CodeIgniter.php(361): CodeIgniter\CodeIgniter->handleRequest()
20 FCPATH/index.php(79): CodeIgniter\CodeIgniter->run()
INFO - 2023-11-14 21:58:13 --> Session: Class initialized using 'CodeIgniter\Session\Handlers\FileHandler' driver.
INFO - 2023-11-14 21:59:34 --> Session: Class initialized using 'CodeIgniter\Session\Handlers\FileHandler' driver.
INFO - 2023-11-14 22:00:05 --> Session: Class initialized using 'CodeIgniter\Session\Handlers\FileHandler' driver.
INFO - 2023-11-14 22:00:30 --> Session: Class initialized using 'CodeIgniter\Session\Handlers\FileHandler' driver.
